{
  "stats": {
    "suites": 1,
    "tests": 3,
    "passes": 3,
    "pending": 0,
    "failures": 0,
    "start": "2024-12-26T13:33:38.539Z",
    "end": "2024-12-26T13:33:40.581Z",
    "duration": 2042,
    "testsRegistered": 3,
    "passPercent": 100,
    "pendingPercent": 0,
    "other": 0,
    "hasOther": false,
    "skipped": 0,
    "hasSkipped": false
  },
  "results": [
    {
      "uuid": "00d838a0-8407-4437-bff3-f26c0b2646b2",
      "title": "",
      "fullFile": "cypress/e2e/1-getting-started/Lesson_18.cy.js",
      "file": "cypress/e2e/1-getting-started/Lesson_18.cy.js",
      "beforeHooks": [],
      "afterHooks": [],
      "tests": [],
      "suites": [
        {
          "uuid": "ed6f2d3c-df72-41cb-bf50-b6d2e6ec9664",
          "title": "example to-do app",
          "fullFile": "",
          "file": "",
          "beforeHooks": [],
          "afterHooks": [],
          "tests": [
            {
              "title": "find all header buttons",
              "fullTitle": "example to-do app find all header buttons",
              "timedOut": null,
              "duration": 911,
              "state": "passed",
              "speed": "fast",
              "pass": true,
              "fail": false,
              "pending": false,
              "context": null,
              "code": "cy.get('header button[class*=\"header\"], header a[class*=\"header\"]').each((button, index) => {\n  cy.wrap(button).invoke('text').then(text => {\n    cy.log(`Button ${index + 1}: ${text}`);\n  });\n}).then(buttons => {\n  cy.log(`All buttons found: ${buttons.length}`);\n});",
              "err": {},
              "uuid": "e2f853ec-d28e-4739-8fae-909be5f517f2",
              "parentUUID": "ed6f2d3c-df72-41cb-bf50-b6d2e6ec9664",
              "isHook": false,
              "skipped": false
            },
            {
              "title": "find header-link buttons inside container",
              "fullTitle": "example to-do app find header-link buttons inside container",
              "timedOut": null,
              "duration": 421,
              "state": "passed",
              "speed": "fast",
              "pass": true,
              "fail": false,
              "pending": false,
              "context": null,
              "code": "cy.get('.container').find('.header-link').each((button, index) => {\n  cy.wrap(button).invoke('text').then(text => {\n    cy.log(`Button ${index + 1}: ${text}`);\n  });\n}).then(buttons => {\n  cy.log(`All buttons found: ${buttons.length}`);\n});",
              "err": {},
              "uuid": "3f1fd860-3aae-4f57-ac2f-bff2df9c55c4",
              "parentUUID": "ed6f2d3c-df72-41cb-bf50-b6d2e6ec9664",
              "isHook": false,
              "skipped": false
            },
            {
              "title": "find ans check all footer link",
              "fullTitle": "example to-do app find ans check all footer link",
              "timedOut": null,
              "duration": 324,
              "state": "passed",
              "speed": "fast",
              "pass": true,
              "fail": false,
              "pending": false,
              "context": null,
              "code": "cy.get('[class*=\"socials_link\"], [class*=\"contacts_link\"]').each((element, index) => {\n  cy.wrap(element).then($link => {\n    const href = $link.attr('href');\n    cy.log(`Link ${index + 1}: ${href}`);\n    expect(href).to.not.be.empty;\n  });\n}).then(links => {\n  cy.log(`All links found: ${links.length}`);\n});",
              "err": {},
              "uuid": "bd37259a-e680-41df-9302-812c7f645cb1",
              "parentUUID": "ed6f2d3c-df72-41cb-bf50-b6d2e6ec9664",
              "isHook": false,
              "skipped": false
            }
          ],
          "suites": [],
          "passes": [
            "e2f853ec-d28e-4739-8fae-909be5f517f2",
            "3f1fd860-3aae-4f57-ac2f-bff2df9c55c4",
            "bd37259a-e680-41df-9302-812c7f645cb1"
          ],
          "failures": [],
          "pending": [],
          "skipped": [],
          "duration": 1656,
          "root": false,
          "rootEmpty": false,
          "_timeout": 2000
        }
      ],
      "passes": [],
      "failures": [],
      "pending": [],
      "skipped": [],
      "duration": 0,
      "root": true,
      "rootEmpty": true,
      "_timeout": 2000
    }
  ],
  "meta": {
    "mocha": {
      "version": "7.0.1"
    },
    "mochawesome": {
      "options": {
        "quiet": false,
        "reportFilename": "mochawesome",
        "saveHtml": false,
        "saveJson": true,
        "consoleReporter": "spec",
        "useInlineDiffs": false,
        "code": true
      },
      "version": "7.1.3"
    },
    "marge": {
      "options": {
        "reportDir": "cypress/reports",
        "overwrite": false,
        "html": false,
        "json": true
      },
      "version": "6.2.0"
    }
  }
}