{
  "stats": {
    "suites": 1,
    "tests": 1,
    "passes": 0,
    "pending": 0,
    "failures": 1,
    "start": "2024-12-26T16:45:40.336Z",
    "end": "2024-12-26T16:45:49.720Z",
    "duration": 9384,
    "testsRegistered": 1,
    "passPercent": 0,
    "pendingPercent": 0,
    "other": 0,
    "hasOther": false,
    "skipped": 0,
    "hasSkipped": false
  },
  "results": [
    {
      "uuid": "4b8ee5e1-2588-4d9f-855e-38587c7d0290",
      "title": "",
      "fullFile": "cypress/e2e/1-getting-started/Lesson_20.cy.js",
      "file": "cypress/e2e/1-getting-started/Lesson_20.cy.js",
      "beforeHooks": [],
      "afterHooks": [],
      "tests": [],
      "suites": [
        {
          "uuid": "95a6d4c9-e5a2-400e-8ba4-e0f5badf688b",
          "title": "Garage and Expenses Tests",
          "fullFile": "",
          "file": "",
          "beforeHooks": [],
          "afterHooks": [],
          "tests": [
            {
              "title": "should add BMW X5 and add fuel expense with liters and total cost",
              "fullTitle": "Garage and Expenses Tests should add BMW X5 and add fuel expense with liters and total cost",
              "timedOut": null,
              "duration": 9321,
              "state": "failed",
              "speed": null,
              "pass": false,
              "fail": true,
              "pending": false,
              "context": null,
              "code": "// Добавление автомобиля\n_GaragePage.default.navigateToAddCar();\n_GaragePage.default.addCar('BMW', 'X5', '100');\ncy.contains('BMW X5').should('be.visible');\ncy.contains('Add fuel expense').click();\n// Передаем только два параметра: литры и стоимость\n_ExpensesPage.default.addExpense('BMW X5', '2024-12-26', '120', '100', '50');\n// В этом месте только заполняются пустые поля\n// Поля заполняются только если они пустые, если уже есть значения, то ничего не меняется\ncy.get('#addExpenseCar').should('have.value', 'BMW X5'); // Проверка модели автомобиля\ncy.get('#addExpenseDate').should('have.value', '2024-12-26'); // Проверка даты\ncy.get('#addExpenseMileage').should('have.value', '100'); // Проверка пробега\ncy.get('#addExpenseLiters').should('have.value', '50'); // Проверка литров\ncy.get('#addExpenseTotalCost').should('have.value', '100'); // Проверка стоимости\n// Кликаем по кнопке \"Add\"\ncy.contains('Add').click();\n// Проверяем, что расход с литрами и стоимостью отображается на странице\ncy.contains('50').should('be.visible'); // Литры\ncy.contains('100').should('be.visible'); // Стоимость",
              "err": {
                "message": "CypressError: Timed out retrying after 4050ms: `cy.click()` failed because this element:\n\n`<button _ngcontent-hwj-c74=\"\" class=\"btn btn-primary\">Add car</button>`\n\nis being covered by another element:\n\n`<ngb-modal-window role=\"dialog\" tabindex=\"-1\" aria-modal=\"true\" class=\"d-block modal fade show\">...</ngb-modal-window>`\n\nFix this problem, or use {force: true} to disable error checking.\n\nhttps://on.cypress.io/element-cannot-be-interacted-with",
                "estack": "CypressError: Timed out retrying after 4050ms: `cy.click()` failed because this element:\n\n`<button _ngcontent-hwj-c74=\"\" class=\"btn btn-primary\">Add car</button>`\n\nis being covered by another element:\n\n`<ngb-modal-window role=\"dialog\" tabindex=\"-1\" aria-modal=\"true\" class=\"d-block modal fade show\">...</ngb-modal-window>`\n\nFix this problem, or use {force: true} to disable error checking.\n\nhttps://on.cypress.io/element-cannot-be-interacted-with\n    at ensureIsDescendent (https://qauto.forstudy.space/__cypress/runner/cypress_runner.js:112787:68)\n    at ensureDescendents (https://qauto.forstudy.space/__cypress/runner/cypress_runner.js:112838:5)\n    at ensureDescendentsAndScroll (https://qauto.forstudy.space/__cypress/runner/cypress_runner.js:112844:14)\n    at ensureElIsNotCovered (https://qauto.forstudy.space/__cypress/runner/cypress_runner.js:112975:5)\n    at runAllChecks (https://qauto.forstudy.space/__cypress/runner/cypress_runner.js:113174:52)\n    at retryActionability (https://qauto.forstudy.space/__cypress/runner/cypress_runner.js:113211:16)\n    at tryCatcher (https://qauto.forstudy.space/__cypress/runner/cypress_runner.js:1830:23)\n    at Promise.attempt.Promise.try (https://qauto.forstudy.space/__cypress/runner/cypress_runner.js:4338:29)\n    at whenStable (https://qauto.forstudy.space/__cypress/runner/cypress_runner.js:143616:68)\n    at <unknown> (https://qauto.forstudy.space/__cypress/runner/cypress_runner.js:143557:14)\n    at tryCatcher (https://qauto.forstudy.space/__cypress/runner/cypress_runner.js:1830:23)\n    at Promise._settlePromiseFromHandler (https://qauto.forstudy.space/__cypress/runner/cypress_runner.js:1542:31)\n    at Promise._settlePromise (https://qauto.forstudy.space/__cypress/runner/cypress_runner.js:1599:18)\n    at Promise._settlePromise0 (https://qauto.forstudy.space/__cypress/runner/cypress_runner.js:1644:10)\n    at Promise._settlePromises (https://qauto.forstudy.space/__cypress/runner/cypress_runner.js:1724:18)\n    at Promise._fulfill (https://qauto.forstudy.space/__cypress/runner/cypress_runner.js:1668:18)\n    at <unknown> (https://qauto.forstudy.space/__cypress/runner/cypress_runner.js:5473:46)\nFrom Your Spec Code:\n    at ExpensesPage.addExpense (webpack:///./cypress/pages/ExpensesPage.js:47:27)\n    at Context.eval (webpack:///./cypress/e2e/1-getting-started/Lesson_20.cy.js:28:17)",
                "diff": null
              },
              "uuid": "bc8aa379-c3fd-47b9-acbf-fac1a05e41d4",
              "parentUUID": "95a6d4c9-e5a2-400e-8ba4-e0f5badf688b",
              "isHook": false,
              "skipped": false
            }
          ],
          "suites": [],
          "passes": [],
          "failures": [
            "bc8aa379-c3fd-47b9-acbf-fac1a05e41d4"
          ],
          "pending": [],
          "skipped": [],
          "duration": 9321,
          "root": false,
          "rootEmpty": false,
          "_timeout": 2000
        }
      ],
      "passes": [],
      "failures": [],
      "pending": [],
      "skipped": [],
      "duration": 0,
      "root": true,
      "rootEmpty": true,
      "_timeout": 2000
    }
  ],
  "meta": {
    "mocha": {
      "version": "7.0.1"
    },
    "mochawesome": {
      "options": {
        "quiet": false,
        "reportFilename": "mochawesome",
        "saveHtml": false,
        "saveJson": true,
        "consoleReporter": "spec",
        "useInlineDiffs": false,
        "code": true
      },
      "version": "7.1.3"
    },
    "marge": {
      "options": {
        "reportDir": "cypress/reports",
        "overwrite": false,
        "html": false,
        "json": true
      },
      "version": "6.2.0"
    }
  }
}