{
  "stats": {
    "suites": 1,
    "tests": 1,
    "passes": 0,
    "pending": 0,
    "failures": 1,
    "start": "2024-12-26T16:48:00.219Z",
    "end": "2024-12-26T16:48:09.457Z",
    "duration": 9238,
    "testsRegistered": 1,
    "passPercent": 0,
    "pendingPercent": 0,
    "other": 0,
    "hasOther": false,
    "skipped": 0,
    "hasSkipped": false
  },
  "results": [
    {
      "uuid": "66a688ac-707e-433b-bb9e-8df601f744f7",
      "title": "",
      "fullFile": "cypress/e2e/1-getting-started/Lesson_20.cy.js",
      "file": "cypress/e2e/1-getting-started/Lesson_20.cy.js",
      "beforeHooks": [],
      "afterHooks": [],
      "tests": [],
      "suites": [
        {
          "uuid": "4601ebf6-376b-469d-b21e-aa4c44adfa5a",
          "title": "Garage and Expenses Tests",
          "fullFile": "",
          "file": "",
          "beforeHooks": [],
          "afterHooks": [],
          "tests": [
            {
              "title": "should add BMW X5 and add fuel expense with liters and total cost",
              "fullTitle": "Garage and Expenses Tests should add BMW X5 and add fuel expense with liters and total cost",
              "timedOut": null,
              "duration": 9151,
              "state": "failed",
              "speed": null,
              "pass": false,
              "fail": true,
              "pending": false,
              "context": null,
              "code": "// Добавление автомобиля\n_GaragePage.default.navigateToAddCar();\n_GaragePage.default.addCar('BMW', 'X5', '100');\ncy.contains('BMW X5').should('be.visible');\ncy.contains('Add fuel expense').click();\n// Передаем только два параметра: литры и стоимость\n_ExpensesPage.default.addExpense('BMW X5', '2024-12-26', '120', '100', '50');\n// В этом месте только заполняются пустые поля\n// Поля заполняются только если они пустые, если уже есть значения, то ничего не меняется\ncy.get('#addExpenseCar').should('have.value', 'BMW X5'); // Проверка модели автомобиля\ncy.get('#addExpenseDate').should('have.value', '2024-12-26'); // Проверка даты\ncy.get('#addExpenseMileage').should('have.value', '100'); // Проверка пробега\ncy.get('#addExpenseLiters').should('have.value', '50'); // Проверка литров\ncy.get('#addExpenseTotalCost').should('have.value', '100'); // Проверка стоимости\n// Кликаем по кнопке \"Add\"\ncy.contains('Add').click();\n// Проверяем, что расход с литрами и стоимостью отображается на странице\ncy.contains('50').should('be.visible'); // Литры\ncy.contains('100').should('be.visible'); // Стоимость",
              "err": {
                "message": "AssertionError: Timed out retrying after 4000ms: Expected to find element: `.expense-modal`, but never found it.",
                "estack": "AssertionError: Timed out retrying after 4000ms: Expected to find element: `.expense-modal`, but never found it.\n    at ExpensesPage.addExpense (webpack:///./cypress/pages/ExpensesPage.js:47:11)\n    at Context.eval (webpack:///./cypress/e2e/1-getting-started/Lesson_20.cy.js:28:17)",
                "diff": null
              },
              "uuid": "bb403c88-4433-4eb0-a132-d74d8464f532",
              "parentUUID": "4601ebf6-376b-469d-b21e-aa4c44adfa5a",
              "isHook": false,
              "skipped": false
            }
          ],
          "suites": [],
          "passes": [],
          "failures": [
            "bb403c88-4433-4eb0-a132-d74d8464f532"
          ],
          "pending": [],
          "skipped": [],
          "duration": 9151,
          "root": false,
          "rootEmpty": false,
          "_timeout": 2000
        }
      ],
      "passes": [],
      "failures": [],
      "pending": [],
      "skipped": [],
      "duration": 0,
      "root": true,
      "rootEmpty": true,
      "_timeout": 2000
    }
  ],
  "meta": {
    "mocha": {
      "version": "7.0.1"
    },
    "mochawesome": {
      "options": {
        "quiet": false,
        "reportFilename": "mochawesome",
        "saveHtml": false,
        "saveJson": true,
        "consoleReporter": "spec",
        "useInlineDiffs": false,
        "code": true
      },
      "version": "7.1.3"
    },
    "marge": {
      "options": {
        "reportDir": "cypress/reports",
        "overwrite": false,
        "html": false,
        "json": true
      },
      "version": "6.2.0"
    }
  }
}