{
  "stats": {
    "suites": 1,
    "tests": 3,
    "passes": 3,
    "pending": 0,
    "failures": 0,
    "start": "2024-12-26T13:35:58.936Z",
    "end": "2024-12-26T13:36:00.807Z",
    "duration": 1871,
    "testsRegistered": 3,
    "passPercent": 100,
    "pendingPercent": 0,
    "other": 0,
    "hasOther": false,
    "skipped": 0,
    "hasSkipped": false
  },
  "results": [
    {
      "uuid": "aac6ea3a-7b11-4252-a87e-0530727cd449",
      "title": "",
      "fullFile": "cypress/e2e/1-getting-started/Lesson_18.cy.js",
      "file": "cypress/e2e/1-getting-started/Lesson_18.cy.js",
      "beforeHooks": [],
      "afterHooks": [],
      "tests": [],
      "suites": [
        {
          "uuid": "8c0e7231-4add-4ab6-a083-b2c55c101d16",
          "title": "example to-do app",
          "fullFile": "",
          "file": "",
          "beforeHooks": [],
          "afterHooks": [],
          "tests": [
            {
              "title": "find all header buttons",
              "fullTitle": "example to-do app find all header buttons",
              "timedOut": null,
              "duration": 927,
              "state": "passed",
              "speed": "fast",
              "pass": true,
              "fail": false,
              "pending": false,
              "context": null,
              "code": "cy.get('header button[class*=\"header\"], header a[class*=\"header\"]').each((button, index) => {\n  cy.wrap(button).invoke('text').then(text => {\n    cy.log(`Button ${index + 1}: ${text}`);\n  });\n}).then(buttons => {\n  cy.log(`All buttons found: ${buttons.length}`);\n});",
              "err": {},
              "uuid": "e98a0203-07af-4a1c-9370-e359996b0edb",
              "parentUUID": "8c0e7231-4add-4ab6-a083-b2c55c101d16",
              "isHook": false,
              "skipped": false
            },
            {
              "title": "find header-link buttons inside container",
              "fullTitle": "example to-do app find header-link buttons inside container",
              "timedOut": null,
              "duration": 382,
              "state": "passed",
              "speed": "fast",
              "pass": true,
              "fail": false,
              "pending": false,
              "context": null,
              "code": "cy.get('.container').find('.header-link').each((button, index) => {\n  cy.wrap(button).invoke('text').then(text => {\n    cy.log(`Button ${index + 1}: ${text}`);\n  });\n}).then(buttons => {\n  cy.log(`All buttons found: ${buttons.length}`);\n});",
              "err": {},
              "uuid": "66f356ab-6606-4588-9a79-ae6fe0a61d6c",
              "parentUUID": "8c0e7231-4add-4ab6-a083-b2c55c101d16",
              "isHook": false,
              "skipped": false
            },
            {
              "title": "find ans check all footer link",
              "fullTitle": "example to-do app find ans check all footer link",
              "timedOut": null,
              "duration": 282,
              "state": "passed",
              "speed": "fast",
              "pass": true,
              "fail": false,
              "pending": false,
              "context": null,
              "code": "cy.get('[class*=\"socials_link\"], [class*=\"contacts_link\"]').each((element, index) => {\n  cy.wrap(element).then($link => {\n    const href = $link.attr('href');\n    cy.log(`Link ${index + 1}: ${href}`);\n    expect(href).to.not.be.empty;\n  });\n}).then(links => {\n  cy.log(`All links found: ${links.length}`);\n});",
              "err": {},
              "uuid": "7928d2a0-ff4b-47cf-8911-19ddecbab65b",
              "parentUUID": "8c0e7231-4add-4ab6-a083-b2c55c101d16",
              "isHook": false,
              "skipped": false
            }
          ],
          "suites": [],
          "passes": [
            "e98a0203-07af-4a1c-9370-e359996b0edb",
            "66f356ab-6606-4588-9a79-ae6fe0a61d6c",
            "7928d2a0-ff4b-47cf-8911-19ddecbab65b"
          ],
          "failures": [],
          "pending": [],
          "skipped": [],
          "duration": 1591,
          "root": false,
          "rootEmpty": false,
          "_timeout": 2000
        }
      ],
      "passes": [],
      "failures": [],
      "pending": [],
      "skipped": [],
      "duration": 0,
      "root": true,
      "rootEmpty": true,
      "_timeout": 2000
    }
  ],
  "meta": {
    "mocha": {
      "version": "7.0.1"
    },
    "mochawesome": {
      "options": {
        "quiet": false,
        "reportFilename": "mochawesome",
        "saveHtml": false,
        "saveJson": true,
        "consoleReporter": "spec",
        "useInlineDiffs": false,
        "code": true
      },
      "version": "7.1.3"
    },
    "marge": {
      "options": {
        "reportDir": "cypress/reports",
        "overwrite": false,
        "html": false,
        "json": true
      },
      "version": "6.2.0"
    }
  }
}