{
  "stats": {
    "suites": 1,
    "tests": 3,
    "passes": 3,
    "pending": 0,
    "failures": 0,
    "start": "2024-12-23T13:41:28.181Z",
    "end": "2024-12-23T13:41:32.379Z",
    "duration": 4198,
    "testsRegistered": 3,
    "passPercent": 100,
    "pendingPercent": 0,
    "other": 0,
    "hasOther": false,
    "skipped": 0,
    "hasSkipped": false
  },
  "results": [
    {
      "uuid": "7f010004-3134-440e-bd73-7e3b65a36dab",
      "title": "",
      "fullFile": "cypress/e2e/1-getting-started/Lesson_18.cy.js",
      "file": "cypress/e2e/1-getting-started/Lesson_18.cy.js",
      "beforeHooks": [],
      "afterHooks": [],
      "tests": [],
      "suites": [
        {
          "uuid": "54012619-ad9d-401e-a7f6-602fb6a98f00",
          "title": "example to-do app",
          "fullFile": "",
          "file": "",
          "beforeHooks": [],
          "afterHooks": [],
          "tests": [
            {
              "title": "find all header buttons",
              "fullTitle": "example to-do app find all header buttons",
              "timedOut": null,
              "duration": 1554,
              "state": "passed",
              "speed": "fast",
              "pass": true,
              "fail": false,
              "pending": false,
              "context": null,
              "code": "cy.get('header button[class*=\"header\"], header a[class*=\"header\"]').each((button, index) => {\n  cy.wrap(button).invoke('text').then(text => {\n    cy.log(`Button ${index + 1}: ${text}`);\n  });\n}).then(buttons => {\n  cy.log(`All buttons found: ${buttons.length}`);\n});",
              "err": {},
              "uuid": "a9cbf606-69bf-49fc-bf21-66d6551667d4",
              "parentUUID": "54012619-ad9d-401e-a7f6-602fb6a98f00",
              "isHook": false,
              "skipped": false
            },
            {
              "title": "find header-link buttons inside container",
              "fullTitle": "example to-do app find header-link buttons inside container",
              "timedOut": null,
              "duration": 804,
              "state": "passed",
              "speed": "fast",
              "pass": true,
              "fail": false,
              "pending": false,
              "context": null,
              "code": "cy.get('.container').find('.header-link').each((button, index) => {\n  cy.wrap(button).invoke('text').then(text => {\n    cy.log(`Button ${index + 1}: ${text}`);\n  });\n}).then(buttons => {\n  cy.log(`All buttons found: ${buttons.length}`);\n});",
              "err": {},
              "uuid": "c1e3089f-3f2f-410c-a87c-2ea0721176d0",
              "parentUUID": "54012619-ad9d-401e-a7f6-602fb6a98f00",
              "isHook": false,
              "skipped": false
            },
            {
              "title": "find ans check all footer link",
              "fullTitle": "example to-do app find ans check all footer link",
              "timedOut": null,
              "duration": 540,
              "state": "passed",
              "speed": "fast",
              "pass": true,
              "fail": false,
              "pending": false,
              "context": null,
              "code": "cy.get('[class*=\"socials_link\"], [class*=\"contacts_link\"]').each((element, index) => {\n  cy.wrap(element).then($link => {\n    const href = $link.attr('href');\n    cy.log(`Link ${index + 1}: ${href}`);\n    expect(href).to.not.be.empty;\n  });\n}).then(links => {\n  cy.log(`All links found: ${links.length}`);\n});",
              "err": {},
              "uuid": "6d05287b-9a9a-433d-886a-6ee357401d26",
              "parentUUID": "54012619-ad9d-401e-a7f6-602fb6a98f00",
              "isHook": false,
              "skipped": false
            }
          ],
          "suites": [],
          "passes": [
            "a9cbf606-69bf-49fc-bf21-66d6551667d4",
            "c1e3089f-3f2f-410c-a87c-2ea0721176d0",
            "6d05287b-9a9a-433d-886a-6ee357401d26"
          ],
          "failures": [],
          "pending": [],
          "skipped": [],
          "duration": 2898,
          "root": false,
          "rootEmpty": false,
          "_timeout": 2000
        }
      ],
      "passes": [],
      "failures": [],
      "pending": [],
      "skipped": [],
      "duration": 0,
      "root": true,
      "rootEmpty": true,
      "_timeout": 2000
    }
  ],
  "meta": {
    "mocha": {
      "version": "7.0.1"
    },
    "mochawesome": {
      "options": {
        "quiet": false,
        "reportFilename": "mochawesome",
        "saveHtml": true,
        "saveJson": true,
        "consoleReporter": "spec",
        "useInlineDiffs": false,
        "code": true
      },
      "version": "7.1.3"
    },
    "marge": {
      "options": {
        "reportDir": "cypress/reports",
        "overwrite": false,
        "html": true,
        "json": true
      },
      "version": "6.2.0"
    }
  }
}