{
  "stats": {
    "suites": 1,
    "tests": 1,
    "passes": 1,
    "pending": 0,
    "failures": 0,
    "start": "2024-12-26T17:50:30.271Z",
    "end": "2024-12-26T17:50:38.436Z",
    "duration": 8165,
    "testsRegistered": 1,
    "passPercent": 100,
    "pendingPercent": 0,
    "other": 0,
    "hasOther": false,
    "skipped": 0,
    "hasSkipped": false
  },
  "results": [
    {
      "uuid": "82ea703c-fdc0-4f1a-8d5f-5a75b5e1c4e9",
      "title": "",
      "fullFile": "cypress/e2e/1-getting-started/Lesson_20.cy.js",
      "file": "cypress/e2e/1-getting-started/Lesson_20.cy.js",
      "beforeHooks": [],
      "afterHooks": [],
      "tests": [],
      "suites": [
        {
          "uuid": "024506ff-464b-4ad6-8113-5834fa49aba8",
          "title": "Test for Lesson 20",
          "fullFile": "",
          "file": "",
          "beforeHooks": [],
          "afterHooks": [],
          "tests": [
            {
              "title": "should add BMW X5 and add fuel expense with liters and total cost",
              "fullTitle": "Test for Lesson 20 should add BMW X5 and add fuel expense with liters and total cost",
              "timedOut": null,
              "duration": 7865,
              "state": "passed",
              "speed": "medium",
              "pass": true,
              "fail": false,
              "pending": false,
              "context": null,
              "code": "_GaragePage.default.navigateToAddCar();\n_GaragePage.default.addCar('BMW', 'X5', '100');\ncy.contains('BMW X5').should('be.visible');\ncy.contains('Add fuel expense').click();\n_ExpensesPage.default.addExpense('', '', '120', '100', '50');\ncy.get('.panel-page_heading.d-flex.flex-column.flex-lg-row').should('exist');\ncy.contains('Fuel expenses').should('be.visible');\ncy.get('.car-select-dropdown.dropdown').should('exist');",
              "err": {},
              "uuid": "45448603-7b27-4578-9736-a1164e45e964",
              "parentUUID": "024506ff-464b-4ad6-8113-5834fa49aba8",
              "isHook": false,
              "skipped": false
            }
          ],
          "suites": [],
          "passes": [
            "45448603-7b27-4578-9736-a1164e45e964"
          ],
          "failures": [],
          "pending": [],
          "skipped": [],
          "duration": 7865,
          "root": false,
          "rootEmpty": false,
          "_timeout": 2000
        }
      ],
      "passes": [],
      "failures": [],
      "pending": [],
      "skipped": [],
      "duration": 0,
      "root": true,
      "rootEmpty": true,
      "_timeout": 2000
    }
  ],
  "meta": {
    "mocha": {
      "version": "7.0.1"
    },
    "mochawesome": {
      "options": {
        "quiet": false,
        "reportFilename": "mochawesome",
        "saveHtml": false,
        "saveJson": true,
        "consoleReporter": "spec",
        "useInlineDiffs": false,
        "code": true
      },
      "version": "7.1.3"
    },
    "marge": {
      "options": {
        "reportDir": "cypress/reports",
        "overwrite": false,
        "html": false,
        "json": true
      },
      "version": "6.2.0"
    }
  }
}