{
  "stats": {
    "suites": 1,
    "tests": 1,
    "passes": 1,
    "pending": 0,
    "failures": 0,
    "start": "2024-12-23T13:42:59.583Z",
    "end": "2024-12-23T13:43:04.228Z",
    "duration": 4645,
    "testsRegistered": 1,
    "passPercent": 100,
    "pendingPercent": 0,
    "other": 0,
    "hasOther": false,
    "skipped": 0,
    "hasSkipped": false
  },
  "results": [
    {
      "uuid": "0542d83e-8cd3-450d-bc32-0546f3852ded",
      "title": "",
      "fullFile": "cypress/e2e/1-getting-started/Lesson 19.1.cy.js",
      "file": "cypress/e2e/1-getting-started/Lesson 19.1.cy.js",
      "beforeHooks": [],
      "afterHooks": [],
      "tests": [],
      "suites": [
        {
          "uuid": "7bf8ad0b-20a6-48e0-a6f0-390cd392ad9c",
          "title": "Registration Tests with Basic Auth",
          "fullFile": "",
          "file": "",
          "beforeHooks": [],
          "afterHooks": [],
          "tests": [
            {
              "title": " Log in successfully",
              "fullTitle": "Registration Tests with Basic Auth  Log in successfully",
              "timedOut": null,
              "duration": 4428,
              "state": "passed",
              "speed": "fast",
              "pass": true,
              "fail": false,
              "pending": false,
              "context": null,
              "code": "const email = 'test1734889756918vs@mailinator.com';\nconst password = 'Test1234!';\ncy.login(email, password);\ncy.url().should('include', '/panel/garage');",
              "err": {},
              "uuid": "4e0ac70f-ded8-4b87-b844-6262a3250b09",
              "parentUUID": "7bf8ad0b-20a6-48e0-a6f0-390cd392ad9c",
              "isHook": false,
              "skipped": false
            }
          ],
          "suites": [],
          "passes": [
            "4e0ac70f-ded8-4b87-b844-6262a3250b09"
          ],
          "failures": [],
          "pending": [],
          "skipped": [],
          "duration": 4428,
          "root": false,
          "rootEmpty": false,
          "_timeout": 2000
        }
      ],
      "passes": [],
      "failures": [],
      "pending": [],
      "skipped": [],
      "duration": 0,
      "root": true,
      "rootEmpty": true,
      "_timeout": 2000
    }
  ],
  "meta": {
    "mocha": {
      "version": "7.0.1"
    },
    "mochawesome": {
      "options": {
        "quiet": false,
        "reportFilename": "mochawesome",
        "saveHtml": true,
        "saveJson": true,
        "consoleReporter": "spec",
        "useInlineDiffs": false,
        "code": true
      },
      "version": "7.1.3"
    },
    "marge": {
      "options": {
        "reportDir": "cypress/reports",
        "overwrite": false,
        "html": true,
        "json": true
      },
      "version": "6.2.0"
    }
  }
}