{
  "stats": {
    "suites": 1,
    "tests": 1,
    "passes": 1,
    "pending": 0,
    "failures": 0,
    "start": "2024-12-26T17:49:54.122Z",
    "end": "2024-12-26T17:50:02.330Z",
    "duration": 8208,
    "testsRegistered": 1,
    "passPercent": 100,
    "pendingPercent": 0,
    "other": 0,
    "hasOther": false,
    "skipped": 0,
    "hasSkipped": false
  },
  "results": [
    {
      "uuid": "6ee87142-5ace-4165-8eba-ce81ae0f9716",
      "title": "",
      "fullFile": "cypress/e2e/1-getting-started/Lesson_20.cy.js",
      "file": "cypress/e2e/1-getting-started/Lesson_20.cy.js",
      "beforeHooks": [],
      "afterHooks": [],
      "tests": [],
      "suites": [
        {
          "uuid": "126ab0be-0515-4551-a42e-f0655bbe7abc",
          "title": "Test for Lesson 20",
          "fullFile": "",
          "file": "",
          "beforeHooks": [],
          "afterHooks": [],
          "tests": [
            {
              "title": "should add BMW X5 and add fuel expense with liters and total cost",
              "fullTitle": "Test for Lesson 20 should add BMW X5 and add fuel expense with liters and total cost",
              "timedOut": null,
              "duration": 8054,
              "state": "passed",
              "speed": "medium",
              "pass": true,
              "fail": false,
              "pending": false,
              "context": null,
              "code": "_GaragePage.default.navigateToAddCar();\n_GaragePage.default.addCar('BMW', 'X5', '100');\ncy.contains('BMW X5').should('be.visible');\ncy.contains('Add fuel expense').click();\n_ExpensesPage.default.addExpense('', '', '120', '100', '50');\ncy.get('.panel-page_heading.d-flex.flex-column.flex-lg-row').should('exist');\ncy.contains('Fuel expenses').should('be.visible');\ncy.get('.car-select-dropdown.dropdown').should('exist');",
              "err": {},
              "uuid": "0f65106d-6685-4481-af79-4f3b85b6f96a",
              "parentUUID": "126ab0be-0515-4551-a42e-f0655bbe7abc",
              "isHook": false,
              "skipped": false
            }
          ],
          "suites": [],
          "passes": [
            "0f65106d-6685-4481-af79-4f3b85b6f96a"
          ],
          "failures": [],
          "pending": [],
          "skipped": [],
          "duration": 8054,
          "root": false,
          "rootEmpty": false,
          "_timeout": 2000
        }
      ],
      "passes": [],
      "failures": [],
      "pending": [],
      "skipped": [],
      "duration": 0,
      "root": true,
      "rootEmpty": true,
      "_timeout": 2000
    }
  ],
  "meta": {
    "mocha": {
      "version": "7.0.1"
    },
    "mochawesome": {
      "options": {
        "quiet": false,
        "reportFilename": "mochawesome",
        "saveHtml": false,
        "saveJson": true,
        "consoleReporter": "spec",
        "useInlineDiffs": false,
        "code": true
      },
      "version": "7.1.3"
    },
    "marge": {
      "options": {
        "reportDir": "cypress/reports",
        "overwrite": false,
        "html": false,
        "json": true
      },
      "version": "6.2.0"
    }
  }
}