{
  "stats": {
    "suites": 1,
    "tests": 1,
    "passes": 1,
    "pending": 0,
    "failures": 0,
    "start": "2024-12-26T13:33:32.772Z",
    "end": "2024-12-26T13:33:36.194Z",
    "duration": 3422,
    "testsRegistered": 1,
    "passPercent": 100,
    "pendingPercent": 0,
    "other": 0,
    "hasOther": false,
    "skipped": 0,
    "hasSkipped": false
  },
  "results": [
    {
      "uuid": "ba939879-8ad7-4945-bf30-b4f5a44f6963",
      "title": "",
      "fullFile": "cypress/e2e/1-getting-started/Lesson 19.1.cy.js",
      "file": "cypress/e2e/1-getting-started/Lesson 19.1.cy.js",
      "beforeHooks": [],
      "afterHooks": [],
      "tests": [],
      "suites": [
        {
          "uuid": "30c7c433-b57a-4538-ae70-1ceb56d3c099",
          "title": "Registration Tests with Basic Auth",
          "fullFile": "",
          "file": "",
          "beforeHooks": [],
          "afterHooks": [],
          "tests": [
            {
              "title": " Log in successfully",
              "fullTitle": "Registration Tests with Basic Auth  Log in successfully",
              "timedOut": null,
              "duration": 3332,
              "state": "passed",
              "speed": "fast",
              "pass": true,
              "fail": false,
              "pending": false,
              "context": null,
              "code": "const email = 'test1734889756918vs@mailinator.com';\nconst password = 'Test1234!';\ncy.login(email, password);\ncy.url().should('include', '/panel/garage');",
              "err": {},
              "uuid": "c0c2d619-12b9-4296-9e3c-27eef69f4dbf",
              "parentUUID": "30c7c433-b57a-4538-ae70-1ceb56d3c099",
              "isHook": false,
              "skipped": false
            }
          ],
          "suites": [],
          "passes": [
            "c0c2d619-12b9-4296-9e3c-27eef69f4dbf"
          ],
          "failures": [],
          "pending": [],
          "skipped": [],
          "duration": 3332,
          "root": false,
          "rootEmpty": false,
          "_timeout": 2000
        }
      ],
      "passes": [],
      "failures": [],
      "pending": [],
      "skipped": [],
      "duration": 0,
      "root": true,
      "rootEmpty": true,
      "_timeout": 2000
    }
  ],
  "meta": {
    "mocha": {
      "version": "7.0.1"
    },
    "mochawesome": {
      "options": {
        "quiet": false,
        "reportFilename": "mochawesome",
        "saveHtml": false,
        "saveJson": true,
        "consoleReporter": "spec",
        "useInlineDiffs": false,
        "code": true
      },
      "version": "7.1.3"
    },
    "marge": {
      "options": {
        "reportDir": "cypress/reports",
        "overwrite": false,
        "html": false,
        "json": true
      },
      "version": "6.2.0"
    }
  }
}