{
  "stats": {
    "suites": 1,
    "tests": 19,
    "passes": 19,
    "pending": 0,
    "failures": 0,
    "start": "2024-12-23T13:41:36.280Z",
    "end": "2024-12-23T13:42:35.201Z",
    "duration": 58921,
    "testsRegistered": 19,
    "passPercent": 100,
    "pendingPercent": 0,
    "other": 0,
    "hasOther": false,
    "skipped": 0,
    "hasSkipped": false
  },
  "results": [
    {
      "uuid": "94a60eb8-5df9-4417-badd-a2686e0a3351",
      "title": "",
      "fullFile": "cypress/e2e/1-getting-started/Lesson_19.cy.js",
      "file": "cypress/e2e/1-getting-started/Lesson_19.cy.js",
      "beforeHooks": [],
      "afterHooks": [],
      "tests": [],
      "suites": [
        {
          "uuid": "218b9b0e-2d17-467c-a769-ec8b763b00b7",
          "title": "Registration Tests with Basic Auth",
          "fullFile": "",
          "file": "",
          "beforeHooks": [],
          "afterHooks": [],
          "tests": [
            {
              "title": "register successfully with valid details",
              "fullTitle": "Registration Tests with Basic Auth register successfully with valid details",
              "timedOut": null,
              "duration": 6796,
              "state": "passed",
              "speed": "medium",
              "pass": true,
              "fail": false,
              "pending": false,
              "context": null,
              "code": "const registeredEmail = `test${Date.now()}vs@mailinator.com`;\ncy.log(`Registering user with email: ${registeredEmail}`);\ncy.get('#signupName').type('Vlada');\ncy.get('#signupLastName').type('Test');\ncy.get('#signupEmail').type(registeredEmail);\ncy.get('#signupPassword').type('Test1234!', {\n  sensitive: true\n});\ncy.get('#signupRepeatPassword').type('Test1234!', {\n  sensitive: true\n});\ncy.contains('Register').click();\ncy.url().should('eq', 'https://qauto.forstudy.space/panel/garage');",
              "err": {},
              "uuid": "d844b881-5ffc-4999-af8f-114953c82b66",
              "parentUUID": "218b9b0e-2d17-467c-a769-ec8b763b00b7",
              "isHook": false,
              "skipped": false
            },
            {
              "title": "should show an error for a name with 1 character",
              "fullTitle": "Registration Tests with Basic Auth should show an error for a name with 1 character",
              "timedOut": null,
              "duration": 4077,
              "state": "passed",
              "speed": "fast",
              "pass": true,
              "fail": false,
              "pending": false,
              "context": null,
              "code": "cy.get('#signupName').type('A');\ncy.get('#signupLastName').type('Test');\ncy.get('#signupEmail').type(`test${Date.now()}vs@mailinator.com`);\ncy.get('#signupPassword').type('Test1234!');\ncy.get('#signupRepeatPassword').type('Test1234!');\ncy.contains('Name has to be from 2 to 20 characters long').should('be.visible');\ncy.get('button[type=\"button\"]').should('be.disabled');",
              "err": {},
              "uuid": "30f0314a-9b1c-4115-993e-2b3c535c1596",
              "parentUUID": "218b9b0e-2d17-467c-a769-ec8b763b00b7",
              "isHook": false,
              "skipped": false
            },
            {
              "title": "should show an error for a name with 21 characters",
              "fullTitle": "Registration Tests with Basic Auth should show an error for a name with 21 characters",
              "timedOut": null,
              "duration": 4457,
              "state": "passed",
              "speed": "fast",
              "pass": true,
              "fail": false,
              "pending": false,
              "context": null,
              "code": "cy.get('#signupName').type('A'.repeat(21));\ncy.get('#signupLastName').type('Test');\ncy.get('#signupEmail').type(`test${Date.now()}vs@mailinator.com`);\ncy.get('#signupPassword').type('Test1234!');\ncy.get('#signupRepeatPassword').type('Test1234!');\ncy.contains('Name has to be from 2 to 20 characters long').should('be.visible');\ncy.get('button[type=\"button\"]').should('be.disabled');",
              "err": {},
              "uuid": "fd5b1fce-5ca6-40d7-b202-f58433cf87a4",
              "parentUUID": "218b9b0e-2d17-467c-a769-ec8b763b00b7",
              "isHook": false,
              "skipped": false
            },
            {
              "title": "should show an error for a name with only numbers",
              "fullTitle": "Registration Tests with Basic Auth should show an error for a name with only numbers",
              "timedOut": null,
              "duration": 3724,
              "state": "passed",
              "speed": "fast",
              "pass": true,
              "fail": false,
              "pending": false,
              "context": null,
              "code": "cy.get('#signupName').type('12345');\ncy.get('#signupLastName').type('Test');\ncy.get('#signupEmail').type(`test${Date.now()}vs@mailinator.com`);\ncy.get('#signupPassword').type('Test1234!');\ncy.get('#signupRepeatPassword').type('Test1234!');\ncy.contains('Name is invalid').should('be.visible');\ncy.get('button[type=\"button\"]').should('be.disabled');",
              "err": {},
              "uuid": "a9a0dedc-2b60-4d68-8b33-83b8188e6d8a",
              "parentUUID": "218b9b0e-2d17-467c-a769-ec8b763b00b7",
              "isHook": false,
              "skipped": false
            },
            {
              "title": "should show an error for a last name with 1 character",
              "fullTitle": "Registration Tests with Basic Auth should show an error for a last name with 1 character",
              "timedOut": null,
              "duration": 3418,
              "state": "passed",
              "speed": "fast",
              "pass": true,
              "fail": false,
              "pending": false,
              "context": null,
              "code": "cy.get('#signupName').type('Test');\ncy.get('#signupLastName').type('T');\ncy.get('#signupEmail').type(`test${Date.now()}vs@mailinator.com`);\ncy.get('#signupPassword').type('Test1234!');\ncy.get('#signupRepeatPassword').type('Test1234!');\ncy.contains('Last name has to be from 2 to 20 characters long').should('be.visible');\ncy.get('button[type=\"button\"]').should('be.disabled');",
              "err": {},
              "uuid": "deaf121b-81e2-446c-86c7-e3433425b7ef",
              "parentUUID": "218b9b0e-2d17-467c-a769-ec8b763b00b7",
              "isHook": false,
              "skipped": false
            },
            {
              "title": "should show an error for a last name with 21 characters",
              "fullTitle": "Registration Tests with Basic Auth should show an error for a last name with 21 characters",
              "timedOut": null,
              "duration": 3407,
              "state": "passed",
              "speed": "fast",
              "pass": true,
              "fail": false,
              "pending": false,
              "context": null,
              "code": "cy.get('#signupName').type('Test');\ncy.get('#signupLastName').type('T'.repeat(21));\ncy.get('#signupEmail').type(`test${Date.now()}vs@mailinator.com`);\ncy.get('#signupPassword').type('Test1234!');\ncy.get('#signupRepeatPassword').type('Test1234!');\ncy.contains('Last name has to be from 2 to 20 characters long').should('be.visible');\ncy.get('button[type=\"button\"]').should('be.disabled');",
              "err": {},
              "uuid": "f7f5fe73-af08-40d3-9150-fbd4c9bdfd49",
              "parentUUID": "218b9b0e-2d17-467c-a769-ec8b763b00b7",
              "isHook": false,
              "skipped": false
            },
            {
              "title": "should show an error for a last name with only numbers",
              "fullTitle": "Registration Tests with Basic Auth should show an error for a last name with only numbers",
              "timedOut": null,
              "duration": 2780,
              "state": "passed",
              "speed": "fast",
              "pass": true,
              "fail": false,
              "pending": false,
              "context": null,
              "code": "cy.get('#signupName').type('Test');\ncy.get('#signupLastName').type('12345');\ncy.get('#signupEmail').type(`test${Date.now()}vs@mailinator.com`);\ncy.get('#signupPassword').type('Test1234!');\ncy.get('#signupRepeatPassword').type('Test1234!');\ncy.contains('Last name is invalid').should('be.visible');\ncy.get('button[type=\"button\"]').should('be.disabled');",
              "err": {},
              "uuid": "21c381cb-0d06-476e-b035-6f4b3bbabcdb",
              "parentUUID": "218b9b0e-2d17-467c-a769-ec8b763b00b7",
              "isHook": false,
              "skipped": false
            },
            {
              "title": "should show an error for an invalid email",
              "fullTitle": "Registration Tests with Basic Auth should show an error for an invalid email",
              "timedOut": null,
              "duration": 2167,
              "state": "passed",
              "speed": "fast",
              "pass": true,
              "fail": false,
              "pending": false,
              "context": null,
              "code": "cy.get('#signupName').type('Vlada');\ncy.get('#signupLastName').type('Test');\ncy.get('#signupEmail').type('invalid-email');\ncy.get('#signupPassword').type('Test1234!');\ncy.get('#signupRepeatPassword').type('Test1234!');\ncy.contains('Email is incorrect').should('be.visible');\ncy.get('button[type=\"button\"]').should('be.disabled');",
              "err": {},
              "uuid": "d640f4f1-5e89-4038-a85b-e5e3e34beddd",
              "parentUUID": "218b9b0e-2d17-467c-a769-ec8b763b00b7",
              "isHook": false,
              "skipped": false
            },
            {
              "title": "should show an error for a password with 7 characters",
              "fullTitle": "Registration Tests with Basic Auth should show an error for a password with 7 characters",
              "timedOut": null,
              "duration": 2669,
              "state": "passed",
              "speed": "fast",
              "pass": true,
              "fail": false,
              "pending": false,
              "context": null,
              "code": "cy.get('#signupName').type('Vlada');\ncy.get('#signupLastName').type('Test');\ncy.get('#signupEmail').type(`test${Date.now()}vs@mailinator.com`);\ncy.get('#signupPassword').type('Test123');\ncy.get('#signupRepeatPassword').type('Test123');\ncy.contains('Password has to be from 8 to 15 characters long and contain at least one integer, one capital, and one small letter').should('be.visible');\ncy.get('button[type=\"button\"]').should('be.disabled');",
              "err": {},
              "uuid": "2b48204f-e3f0-4674-a208-09e1254a7839",
              "parentUUID": "218b9b0e-2d17-467c-a769-ec8b763b00b7",
              "isHook": false,
              "skipped": false
            },
            {
              "title": "should show an error for a password with 16 characters",
              "fullTitle": "Registration Tests with Basic Auth should show an error for a password with 16 characters",
              "timedOut": null,
              "duration": 2457,
              "state": "passed",
              "speed": "fast",
              "pass": true,
              "fail": false,
              "pending": false,
              "context": null,
              "code": "cy.get('#signupName').type('Vlada');\ncy.get('#signupLastName').type('Test');\ncy.get('#signupEmail').type(`test${Date.now()}vs@mailinator.com`);\ncy.get('#signupPassword').type('Test1234!Test1234');\ncy.get('#signupRepeatPassword').type('Test1234!Test1234');\ncy.contains('Password has to be from 8 to 15 characters long and contain at least one integer, one capital, and one small letter').should('be.visible');\ncy.get('button[type=\"button\"]').should('be.disabled');",
              "err": {},
              "uuid": "5bbaf668-f5bc-4e80-833e-3e634bd7b511",
              "parentUUID": "218b9b0e-2d17-467c-a769-ec8b763b00b7",
              "isHook": false,
              "skipped": false
            },
            {
              "title": "should show an error for a password without a lowercase letter",
              "fullTitle": "Registration Tests with Basic Auth should show an error for a password without a lowercase letter",
              "timedOut": null,
              "duration": 2209,
              "state": "passed",
              "speed": "fast",
              "pass": true,
              "fail": false,
              "pending": false,
              "context": null,
              "code": "cy.get('#signupName').type('Vlada');\ncy.get('#signupLastName').type('Test');\ncy.get('#signupEmail').type(`test${Date.now()}vs@mailinator.com`);\ncy.get('#signupPassword').type('TEST1234!');\ncy.get('#signupRepeatPassword').type('TEST1234!');\ncy.contains('Password has to be from 8 to 15 characters long and contain at least one integer, one capital, and one small letter').should('be.visible');\ncy.get('button[type=\"button\"]').should('be.disabled');",
              "err": {},
              "uuid": "1d99dbf7-c713-4482-8f96-e22a4101ccae",
              "parentUUID": "218b9b0e-2d17-467c-a769-ec8b763b00b7",
              "isHook": false,
              "skipped": false
            },
            {
              "title": "should show an error for a password without an uppercase letter",
              "fullTitle": "Registration Tests with Basic Auth should show an error for a password without an uppercase letter",
              "timedOut": null,
              "duration": 2333,
              "state": "passed",
              "speed": "fast",
              "pass": true,
              "fail": false,
              "pending": false,
              "context": null,
              "code": "cy.get('#signupName').type('Vlada');\ncy.get('#signupLastName').type('Test');\ncy.get('#signupEmail').type(`test${Date.now()}vs@mailinator.com`);\ncy.get('#signupPassword').type('test1234!');\ncy.get('#signupRepeatPassword').type('test1234!');\ncy.contains('Password has to be from 8 to 15 characters long and contain at least one integer, one capital, and one small letter').should('be.visible');\ncy.get('button[type=\"button\"]').should('be.disabled');",
              "err": {},
              "uuid": "f57c5983-07a5-43ab-8307-4caa87747f17",
              "parentUUID": "218b9b0e-2d17-467c-a769-ec8b763b00b7",
              "isHook": false,
              "skipped": false
            },
            {
              "title": "should show an error for a password without any letters",
              "fullTitle": "Registration Tests with Basic Auth should show an error for a password without any letters",
              "timedOut": null,
              "duration": 2287,
              "state": "passed",
              "speed": "fast",
              "pass": true,
              "fail": false,
              "pending": false,
              "context": null,
              "code": "cy.get('#signupName').type('Vlada');\ncy.get('#signupLastName').type('Test');\ncy.get('#signupEmail').type(`test${Date.now()}vs@mailinator.com`);\ncy.get('#signupPassword').type('12345678!');\ncy.get('#signupRepeatPassword').type('12345678!');\ncy.contains('Password has to be from 8 to 15 characters long and contain at least one integer, one capital, and one small letter').should('be.visible');\ncy.get('button[type=\"button\"]').should('be.disabled');",
              "err": {},
              "uuid": "09d21f78-2cb1-40dc-9c4a-1a6b4c6b902f",
              "parentUUID": "218b9b0e-2d17-467c-a769-ec8b763b00b7",
              "isHook": false,
              "skipped": false
            },
            {
              "title": "should show an error when passwords do not match",
              "fullTitle": "Registration Tests with Basic Auth should show an error when passwords do not match",
              "timedOut": null,
              "duration": 2269,
              "state": "passed",
              "speed": "fast",
              "pass": true,
              "fail": false,
              "pending": false,
              "context": null,
              "code": "const password = 'Test1234!';\nconst repeatPassword = 'Different123!';\ncy.get('#signupName').type('Vlada');\ncy.get('#signupLastName').type('Test');\ncy.get('#signupEmail').type(`test${Date.now()}vs@mailinator.com`);\ncy.get('#signupPassword').type(password);\ncy.get('#signupRepeatPassword').type(repeatPassword);\ncy.log(`Entered password: ${password}`);\ncy.log(`Entered repeat password: ${repeatPassword}`);\ncy.get('#signupName').focus();\ncy.contains('Passwords do not match').should('be.visible');\ncy.get('button[type=\"button\"]').should('be.disabled');",
              "err": {},
              "uuid": "98f8ba79-e5e4-4f72-a8aa-726ff772ebd7",
              "parentUUID": "218b9b0e-2d17-467c-a769-ec8b763b00b7",
              "isHook": false,
              "skipped": false
            },
            {
              "title": "should show an error for an empty last name",
              "fullTitle": "Registration Tests with Basic Auth should show an error for an empty last name",
              "timedOut": null,
              "duration": 2094,
              "state": "passed",
              "speed": "fast",
              "pass": true,
              "fail": false,
              "pending": false,
              "context": null,
              "code": "cy.get('#signupName').type('Test');\ncy.get('#signupLastName').focus();\ncy.get('#signupEmail').type(`test${Date.now()}vs@mailinator.com`);\ncy.get('#signupPassword').type('Test1234!');\ncy.get('#signupRepeatPassword').type('Test1234!');\ncy.contains('Last name required').should('be.visible');\ncy.get('button[type=\"button\"]').should('be.disabled');",
              "err": {},
              "uuid": "5035f3cb-ee7c-49ab-aaa5-1450aff558ec",
              "parentUUID": "218b9b0e-2d17-467c-a769-ec8b763b00b7",
              "isHook": false,
              "skipped": false
            },
            {
              "title": "should show an error for an empty name",
              "fullTitle": "Registration Tests with Basic Auth should show an error for an empty name",
              "timedOut": null,
              "duration": 2629,
              "state": "passed",
              "speed": "fast",
              "pass": true,
              "fail": false,
              "pending": false,
              "context": null,
              "code": "cy.get('#signupName').focus();\ncy.get('#signupLastName').type('Test');\ncy.get('#signupEmail').type(`test${Date.now()}vs@mailinator.com`);\ncy.get('#signupPassword').type('Test1234!');\ncy.get('#signupRepeatPassword').type('Test1234!');\ncy.contains('Name required').should('be.visible');\ncy.get('button[type=\"button\"]').should('be.disabled');",
              "err": {},
              "uuid": "82d51c57-87d1-4798-9ce7-c4ea54f2e0cc",
              "parentUUID": "218b9b0e-2d17-467c-a769-ec8b763b00b7",
              "isHook": false,
              "skipped": false
            },
            {
              "title": "should show an error for an empty email",
              "fullTitle": "Registration Tests with Basic Auth should show an error for an empty email",
              "timedOut": null,
              "duration": 1754,
              "state": "passed",
              "speed": "fast",
              "pass": true,
              "fail": false,
              "pending": false,
              "context": null,
              "code": "cy.get('#signupName').type('Vlada');\ncy.get('#signupLastName').type('Test');\ncy.get('#signupEmail').focus();\ncy.get('#signupPassword').type('Test1234!');\ncy.get('#signupRepeatPassword').type('Test1234!');\ncy.contains('Email required').should('be.visible');\ncy.get('button[type=\"button\"]').should('be.disabled');",
              "err": {},
              "uuid": "bda5e498-d922-4007-99e6-473c88e3d44e",
              "parentUUID": "218b9b0e-2d17-467c-a769-ec8b763b00b7",
              "isHook": false,
              "skipped": false
            },
            {
              "title": "should show an error for an empty repeat password field",
              "fullTitle": "Registration Tests with Basic Auth should show an error for an empty repeat password field",
              "timedOut": null,
              "duration": 2150,
              "state": "passed",
              "speed": "fast",
              "pass": true,
              "fail": false,
              "pending": false,
              "context": null,
              "code": "cy.get('#signupName').type('Vlada');\ncy.get('#signupLastName').type('Test');\ncy.get('#signupEmail').type(`test${Date.now()}vs@mailinator.com`);\ncy.get('#signupPassword').type('Test1234!');\ncy.get('#signupRepeatPassword').focus();\ncy.get('#signupPassword').focus();\ncy.contains('Re-enter password required').should('be.visible');\ncy.get('button[type=\"button\"]').should('be.disabled');",
              "err": {},
              "uuid": "21cb78aa-9dd1-4641-be70-7c1ff03cf8c0",
              "parentUUID": "218b9b0e-2d17-467c-a769-ec8b763b00b7",
              "isHook": false,
              "skipped": false
            },
            {
              "title": "should show an error for an empty password",
              "fullTitle": "Registration Tests with Basic Auth should show an error for an empty password",
              "timedOut": null,
              "duration": 1981,
              "state": "passed",
              "speed": "fast",
              "pass": true,
              "fail": false,
              "pending": false,
              "context": null,
              "code": "cy.get('#signupName').type('Vlada');\ncy.get('#signupLastName').type('Test');\ncy.get('#signupEmail').type(`test${Date.now()}vs@mailinator.com`);\ncy.get('#signupPassword').focus();\ncy.get('#signupRepeatPassword').type('Test1234!');\ncy.contains('Password required').should('be.visible');\ncy.get('button[type=\"button\"]').should('be.disabled');",
              "err": {},
              "uuid": "45c2a689-f95d-4866-b17b-77c2fc4ec402",
              "parentUUID": "218b9b0e-2d17-467c-a769-ec8b763b00b7",
              "isHook": false,
              "skipped": false
            }
          ],
          "suites": [],
          "passes": [
            "d844b881-5ffc-4999-af8f-114953c82b66",
            "30f0314a-9b1c-4115-993e-2b3c535c1596",
            "fd5b1fce-5ca6-40d7-b202-f58433cf87a4",
            "a9a0dedc-2b60-4d68-8b33-83b8188e6d8a",
            "deaf121b-81e2-446c-86c7-e3433425b7ef",
            "f7f5fe73-af08-40d3-9150-fbd4c9bdfd49",
            "21c381cb-0d06-476e-b035-6f4b3bbabcdb",
            "d640f4f1-5e89-4038-a85b-e5e3e34beddd",
            "2b48204f-e3f0-4674-a208-09e1254a7839",
            "5bbaf668-f5bc-4e80-833e-3e634bd7b511",
            "1d99dbf7-c713-4482-8f96-e22a4101ccae",
            "f57c5983-07a5-43ab-8307-4caa87747f17",
            "09d21f78-2cb1-40dc-9c4a-1a6b4c6b902f",
            "98f8ba79-e5e4-4f72-a8aa-726ff772ebd7",
            "5035f3cb-ee7c-49ab-aaa5-1450aff558ec",
            "82d51c57-87d1-4798-9ce7-c4ea54f2e0cc",
            "bda5e498-d922-4007-99e6-473c88e3d44e",
            "21cb78aa-9dd1-4641-be70-7c1ff03cf8c0",
            "45c2a689-f95d-4866-b17b-77c2fc4ec402"
          ],
          "failures": [],
          "pending": [],
          "skipped": [],
          "duration": 55658,
          "root": false,
          "rootEmpty": false,
          "_timeout": 2000
        }
      ],
      "passes": [],
      "failures": [],
      "pending": [],
      "skipped": [],
      "duration": 0,
      "root": true,
      "rootEmpty": true,
      "_timeout": 2000
    }
  ],
  "meta": {
    "mocha": {
      "version": "7.0.1"
    },
    "mochawesome": {
      "options": {
        "quiet": false,
        "reportFilename": "mochawesome",
        "saveHtml": true,
        "saveJson": true,
        "consoleReporter": "spec",
        "useInlineDiffs": false,
        "code": true
      },
      "version": "7.1.3"
    },
    "marge": {
      "options": {
        "reportDir": "cypress/reports",
        "overwrite": false,
        "html": true,
        "json": true
      },
      "version": "6.2.0"
    }
  }
}