{
  "stats": {
    "suites": 1,
    "tests": 19,
    "passes": 19,
    "pending": 0,
    "failures": 0,
    "start": "2024-12-26T13:33:42.826Z",
    "end": "2024-12-26T13:34:23.760Z",
    "duration": 40934,
    "testsRegistered": 19,
    "passPercent": 100,
    "pendingPercent": 0,
    "other": 0,
    "hasOther": false,
    "skipped": 0,
    "hasSkipped": false
  },
  "results": [
    {
      "uuid": "6c238b48-b7d0-4e8b-9d1b-f3f822567999",
      "title": "",
      "fullFile": "cypress/e2e/1-getting-started/Lesson_19.cy.js",
      "file": "cypress/e2e/1-getting-started/Lesson_19.cy.js",
      "beforeHooks": [],
      "afterHooks": [],
      "tests": [],
      "suites": [
        {
          "uuid": "d1e5011b-2efb-4856-b70c-35cf1237335e",
          "title": "Registration Tests with Basic Auth",
          "fullFile": "",
          "file": "",
          "beforeHooks": [],
          "afterHooks": [],
          "tests": [
            {
              "title": "register successfully with valid details",
              "fullTitle": "Registration Tests with Basic Auth register successfully with valid details",
              "timedOut": null,
              "duration": 3547,
              "state": "passed",
              "speed": "fast",
              "pass": true,
              "fail": false,
              "pending": false,
              "context": null,
              "code": "const registeredEmail = `test${Date.now()}vs@mailinator.com`;\ncy.log(`Registering user with email: ${registeredEmail}`);\ncy.get('#signupName').type('Vlada');\ncy.get('#signupLastName').type('Test');\ncy.get('#signupEmail').type(registeredEmail);\ncy.get('#signupPassword').type('Test1234!', {\n  sensitive: true\n});\ncy.get('#signupRepeatPassword').type('Test1234!', {\n  sensitive: true\n});\ncy.contains('Register').click();\ncy.url().should('eq', 'https://qauto.forstudy.space/panel/garage');",
              "err": {},
              "uuid": "d85bf4c4-553d-4052-90aa-eafb9e6d21cf",
              "parentUUID": "d1e5011b-2efb-4856-b70c-35cf1237335e",
              "isHook": false,
              "skipped": false
            },
            {
              "title": "should show an error for a name with 1 character",
              "fullTitle": "Registration Tests with Basic Auth should show an error for a name with 1 character",
              "timedOut": null,
              "duration": 1889,
              "state": "passed",
              "speed": "fast",
              "pass": true,
              "fail": false,
              "pending": false,
              "context": null,
              "code": "cy.get('#signupName').type('A');\ncy.get('#signupLastName').type('Test');\ncy.get('#signupEmail').type(`test${Date.now()}vs@mailinator.com`);\ncy.get('#signupPassword').type('Test1234!');\ncy.get('#signupRepeatPassword').type('Test1234!');\ncy.contains('Name has to be from 2 to 20 characters long').should('be.visible');\ncy.get('button[type=\"button\"]').should('be.disabled');",
              "err": {},
              "uuid": "2e58c760-30d8-4815-b9ce-6bca7474a72f",
              "parentUUID": "d1e5011b-2efb-4856-b70c-35cf1237335e",
              "isHook": false,
              "skipped": false
            },
            {
              "title": "should show an error for a name with 21 characters",
              "fullTitle": "Registration Tests with Basic Auth should show an error for a name with 21 characters",
              "timedOut": null,
              "duration": 2464,
              "state": "passed",
              "speed": "fast",
              "pass": true,
              "fail": false,
              "pending": false,
              "context": null,
              "code": "cy.get('#signupName').type('A'.repeat(21));\ncy.get('#signupLastName').type('Test');\ncy.get('#signupEmail').type(`test${Date.now()}vs@mailinator.com`);\ncy.get('#signupPassword').type('Test1234!');\ncy.get('#signupRepeatPassword').type('Test1234!');\ncy.contains('Name has to be from 2 to 20 characters long').should('be.visible');\ncy.get('button[type=\"button\"]').should('be.disabled');",
              "err": {},
              "uuid": "13812c0a-d4bb-4ab3-abe1-6fd96b58540f",
              "parentUUID": "d1e5011b-2efb-4856-b70c-35cf1237335e",
              "isHook": false,
              "skipped": false
            },
            {
              "title": "should show an error for a name with only numbers",
              "fullTitle": "Registration Tests with Basic Auth should show an error for a name with only numbers",
              "timedOut": null,
              "duration": 1923,
              "state": "passed",
              "speed": "fast",
              "pass": true,
              "fail": false,
              "pending": false,
              "context": null,
              "code": "cy.get('#signupName').type('12345');\ncy.get('#signupLastName').type('Test');\ncy.get('#signupEmail').type(`test${Date.now()}vs@mailinator.com`);\ncy.get('#signupPassword').type('Test1234!');\ncy.get('#signupRepeatPassword').type('Test1234!');\ncy.contains('Name is invalid').should('be.visible');\ncy.get('button[type=\"button\"]').should('be.disabled');",
              "err": {},
              "uuid": "80364bc9-62c4-4758-ae52-36da8a1f8139",
              "parentUUID": "d1e5011b-2efb-4856-b70c-35cf1237335e",
              "isHook": false,
              "skipped": false
            },
            {
              "title": "should show an error for a last name with 1 character",
              "fullTitle": "Registration Tests with Basic Auth should show an error for a last name with 1 character",
              "timedOut": null,
              "duration": 1831,
              "state": "passed",
              "speed": "fast",
              "pass": true,
              "fail": false,
              "pending": false,
              "context": null,
              "code": "cy.get('#signupName').type('Test');\ncy.get('#signupLastName').type('T');\ncy.get('#signupEmail').type(`test${Date.now()}vs@mailinator.com`);\ncy.get('#signupPassword').type('Test1234!');\ncy.get('#signupRepeatPassword').type('Test1234!');\ncy.contains('Last name has to be from 2 to 20 characters long').should('be.visible');\ncy.get('button[type=\"button\"]').should('be.disabled');",
              "err": {},
              "uuid": "a645ffb5-c5f7-4a32-8259-5f2ffe39e1d2",
              "parentUUID": "d1e5011b-2efb-4856-b70c-35cf1237335e",
              "isHook": false,
              "skipped": false
            },
            {
              "title": "should show an error for a last name with 21 characters",
              "fullTitle": "Registration Tests with Basic Auth should show an error for a last name with 21 characters",
              "timedOut": null,
              "duration": 2148,
              "state": "passed",
              "speed": "fast",
              "pass": true,
              "fail": false,
              "pending": false,
              "context": null,
              "code": "cy.get('#signupName').type('Test');\ncy.get('#signupLastName').type('T'.repeat(21));\ncy.get('#signupEmail').type(`test${Date.now()}vs@mailinator.com`);\ncy.get('#signupPassword').type('Test1234!');\ncy.get('#signupRepeatPassword').type('Test1234!');\ncy.contains('Last name has to be from 2 to 20 characters long').should('be.visible');\ncy.get('button[type=\"button\"]').should('be.disabled');",
              "err": {},
              "uuid": "d7149dce-2152-4448-b5ef-0f75ba41b5e3",
              "parentUUID": "d1e5011b-2efb-4856-b70c-35cf1237335e",
              "isHook": false,
              "skipped": false
            },
            {
              "title": "should show an error for a last name with only numbers",
              "fullTitle": "Registration Tests with Basic Auth should show an error for a last name with only numbers",
              "timedOut": null,
              "duration": 2053,
              "state": "passed",
              "speed": "fast",
              "pass": true,
              "fail": false,
              "pending": false,
              "context": null,
              "code": "cy.get('#signupName').type('Test');\ncy.get('#signupLastName').type('12345');\ncy.get('#signupEmail').type(`test${Date.now()}vs@mailinator.com`);\ncy.get('#signupPassword').type('Test1234!');\ncy.get('#signupRepeatPassword').type('Test1234!');\ncy.contains('Last name is invalid').should('be.visible');\ncy.get('button[type=\"button\"]').should('be.disabled');",
              "err": {},
              "uuid": "aa21366d-b490-484d-a3b9-ec49b86196b0",
              "parentUUID": "d1e5011b-2efb-4856-b70c-35cf1237335e",
              "isHook": false,
              "skipped": false
            },
            {
              "title": "should show an error for an invalid email",
              "fullTitle": "Registration Tests with Basic Auth should show an error for an invalid email",
              "timedOut": null,
              "duration": 1769,
              "state": "passed",
              "speed": "fast",
              "pass": true,
              "fail": false,
              "pending": false,
              "context": null,
              "code": "cy.get('#signupName').type('Vlada');\ncy.get('#signupLastName').type('Test');\ncy.get('#signupEmail').type('invalid-email');\ncy.get('#signupPassword').type('Test1234!');\ncy.get('#signupRepeatPassword').type('Test1234!');\ncy.contains('Email is incorrect').should('be.visible');\ncy.get('button[type=\"button\"]').should('be.disabled');",
              "err": {},
              "uuid": "7a41da33-e644-4ca5-898f-5d92b47f904b",
              "parentUUID": "d1e5011b-2efb-4856-b70c-35cf1237335e",
              "isHook": false,
              "skipped": false
            },
            {
              "title": "should show an error for a password with 7 characters",
              "fullTitle": "Registration Tests with Basic Auth should show an error for a password with 7 characters",
              "timedOut": null,
              "duration": 2100,
              "state": "passed",
              "speed": "fast",
              "pass": true,
              "fail": false,
              "pending": false,
              "context": null,
              "code": "cy.get('#signupName').type('Vlada');\ncy.get('#signupLastName').type('Test');\ncy.get('#signupEmail').type(`test${Date.now()}vs@mailinator.com`);\ncy.get('#signupPassword').type('Test123');\ncy.get('#signupRepeatPassword').type('Test123');\ncy.contains('Password has to be from 8 to 15 characters long and contain at least one integer, one capital, and one small letter').should('be.visible');\ncy.get('button[type=\"button\"]').should('be.disabled');",
              "err": {},
              "uuid": "f6114594-b62c-444a-938d-c4df7d2a984f",
              "parentUUID": "d1e5011b-2efb-4856-b70c-35cf1237335e",
              "isHook": false,
              "skipped": false
            },
            {
              "title": "should show an error for a password with 16 characters",
              "fullTitle": "Registration Tests with Basic Auth should show an error for a password with 16 characters",
              "timedOut": null,
              "duration": 2262,
              "state": "passed",
              "speed": "fast",
              "pass": true,
              "fail": false,
              "pending": false,
              "context": null,
              "code": "cy.get('#signupName').type('Vlada');\ncy.get('#signupLastName').type('Test');\ncy.get('#signupEmail').type(`test${Date.now()}vs@mailinator.com`);\ncy.get('#signupPassword').type('Test1234!Test1234');\ncy.get('#signupRepeatPassword').type('Test1234!Test1234');\ncy.contains('Password has to be from 8 to 15 characters long and contain at least one integer, one capital, and one small letter').should('be.visible');\ncy.get('button[type=\"button\"]').should('be.disabled');",
              "err": {},
              "uuid": "db02647b-e806-4b37-98c1-d6f1bd6ba4de",
              "parentUUID": "d1e5011b-2efb-4856-b70c-35cf1237335e",
              "isHook": false,
              "skipped": false
            },
            {
              "title": "should show an error for a password without a lowercase letter",
              "fullTitle": "Registration Tests with Basic Auth should show an error for a password without a lowercase letter",
              "timedOut": null,
              "duration": 2176,
              "state": "passed",
              "speed": "fast",
              "pass": true,
              "fail": false,
              "pending": false,
              "context": null,
              "code": "cy.get('#signupName').type('Vlada');\ncy.get('#signupLastName').type('Test');\ncy.get('#signupEmail').type(`test${Date.now()}vs@mailinator.com`);\ncy.get('#signupPassword').type('TEST1234!');\ncy.get('#signupRepeatPassword').type('TEST1234!');\ncy.contains('Password has to be from 8 to 15 characters long and contain at least one integer, one capital, and one small letter').should('be.visible');\ncy.get('button[type=\"button\"]').should('be.disabled');",
              "err": {},
              "uuid": "289dfb0e-46d2-4afe-ab39-747b07ba9823",
              "parentUUID": "d1e5011b-2efb-4856-b70c-35cf1237335e",
              "isHook": false,
              "skipped": false
            },
            {
              "title": "should show an error for a password without an uppercase letter",
              "fullTitle": "Registration Tests with Basic Auth should show an error for a password without an uppercase letter",
              "timedOut": null,
              "duration": 2031,
              "state": "passed",
              "speed": "fast",
              "pass": true,
              "fail": false,
              "pending": false,
              "context": null,
              "code": "cy.get('#signupName').type('Vlada');\ncy.get('#signupLastName').type('Test');\ncy.get('#signupEmail').type(`test${Date.now()}vs@mailinator.com`);\ncy.get('#signupPassword').type('test1234!');\ncy.get('#signupRepeatPassword').type('test1234!');\ncy.contains('Password has to be from 8 to 15 characters long and contain at least one integer, one capital, and one small letter').should('be.visible');\ncy.get('button[type=\"button\"]').should('be.disabled');",
              "err": {},
              "uuid": "4af01367-9549-469a-b3f8-04db37564a60",
              "parentUUID": "d1e5011b-2efb-4856-b70c-35cf1237335e",
              "isHook": false,
              "skipped": false
            },
            {
              "title": "should show an error for a password without any letters",
              "fullTitle": "Registration Tests with Basic Auth should show an error for a password without any letters",
              "timedOut": null,
              "duration": 1969,
              "state": "passed",
              "speed": "fast",
              "pass": true,
              "fail": false,
              "pending": false,
              "context": null,
              "code": "cy.get('#signupName').type('Vlada');\ncy.get('#signupLastName').type('Test');\ncy.get('#signupEmail').type(`test${Date.now()}vs@mailinator.com`);\ncy.get('#signupPassword').type('12345678!');\ncy.get('#signupRepeatPassword').type('12345678!');\ncy.contains('Password has to be from 8 to 15 characters long and contain at least one integer, one capital, and one small letter').should('be.visible');\ncy.get('button[type=\"button\"]').should('be.disabled');",
              "err": {},
              "uuid": "9baadd7c-8d3e-4006-a5a2-d0ababe5e3f8",
              "parentUUID": "d1e5011b-2efb-4856-b70c-35cf1237335e",
              "isHook": false,
              "skipped": false
            },
            {
              "title": "should show an error when passwords do not match",
              "fullTitle": "Registration Tests with Basic Auth should show an error when passwords do not match",
              "timedOut": null,
              "duration": 2131,
              "state": "passed",
              "speed": "fast",
              "pass": true,
              "fail": false,
              "pending": false,
              "context": null,
              "code": "const password = 'Test1234!';\nconst repeatPassword = 'Different123!';\ncy.get('#signupName').type('Vlada');\ncy.get('#signupLastName').type('Test');\ncy.get('#signupEmail').type(`test${Date.now()}vs@mailinator.com`);\ncy.get('#signupPassword').type(password);\ncy.get('#signupRepeatPassword').type(repeatPassword);\ncy.log(`Entered password: ${password}`);\ncy.log(`Entered repeat password: ${repeatPassword}`);\ncy.get('#signupName').focus();\ncy.contains('Passwords do not match').should('be.visible');\ncy.get('button[type=\"button\"]').should('be.disabled');",
              "err": {},
              "uuid": "cf2784de-ffbf-48a9-a16c-5eb693cb6667",
              "parentUUID": "d1e5011b-2efb-4856-b70c-35cf1237335e",
              "isHook": false,
              "skipped": false
            },
            {
              "title": "should show an error for an empty last name",
              "fullTitle": "Registration Tests with Basic Auth should show an error for an empty last name",
              "timedOut": null,
              "duration": 1861,
              "state": "passed",
              "speed": "fast",
              "pass": true,
              "fail": false,
              "pending": false,
              "context": null,
              "code": "cy.get('#signupName').type('Test');\ncy.get('#signupLastName').focus();\ncy.get('#signupEmail').type(`test${Date.now()}vs@mailinator.com`);\ncy.get('#signupPassword').type('Test1234!');\ncy.get('#signupRepeatPassword').type('Test1234!');\ncy.contains('Last name required').should('be.visible');\ncy.get('button[type=\"button\"]').should('be.disabled');",
              "err": {},
              "uuid": "a1663229-2a81-4e63-b6b4-d650ef6890c6",
              "parentUUID": "d1e5011b-2efb-4856-b70c-35cf1237335e",
              "isHook": false,
              "skipped": false
            },
            {
              "title": "should show an error for an empty name",
              "fullTitle": "Registration Tests with Basic Auth should show an error for an empty name",
              "timedOut": null,
              "duration": 2044,
              "state": "passed",
              "speed": "fast",
              "pass": true,
              "fail": false,
              "pending": false,
              "context": null,
              "code": "cy.get('#signupName').focus();\ncy.get('#signupLastName').type('Test');\ncy.get('#signupEmail').type(`test${Date.now()}vs@mailinator.com`);\ncy.get('#signupPassword').type('Test1234!');\ncy.get('#signupRepeatPassword').type('Test1234!');\ncy.contains('Name required').should('be.visible');\ncy.get('button[type=\"button\"]').should('be.disabled');",
              "err": {},
              "uuid": "54892aa9-01f1-4393-af8d-8d60f74bb201",
              "parentUUID": "d1e5011b-2efb-4856-b70c-35cf1237335e",
              "isHook": false,
              "skipped": false
            },
            {
              "title": "should show an error for an empty email",
              "fullTitle": "Registration Tests with Basic Auth should show an error for an empty email",
              "timedOut": null,
              "duration": 1970,
              "state": "passed",
              "speed": "fast",
              "pass": true,
              "fail": false,
              "pending": false,
              "context": null,
              "code": "cy.get('#signupName').type('Vlada');\ncy.get('#signupLastName').type('Test');\ncy.get('#signupEmail').focus();\ncy.get('#signupPassword').type('Test1234!');\ncy.get('#signupRepeatPassword').type('Test1234!');\ncy.contains('Email required').should('be.visible');\ncy.get('button[type=\"button\"]').should('be.disabled');",
              "err": {},
              "uuid": "891343b7-e3fc-491f-b10a-bd4a49b0c24d",
              "parentUUID": "d1e5011b-2efb-4856-b70c-35cf1237335e",
              "isHook": false,
              "skipped": false
            },
            {
              "title": "should show an error for an empty repeat password field",
              "fullTitle": "Registration Tests with Basic Auth should show an error for an empty repeat password field",
              "timedOut": null,
              "duration": 1728,
              "state": "passed",
              "speed": "fast",
              "pass": true,
              "fail": false,
              "pending": false,
              "context": null,
              "code": "cy.get('#signupName').type('Vlada');\ncy.get('#signupLastName').type('Test');\ncy.get('#signupEmail').type(`test${Date.now()}vs@mailinator.com`);\ncy.get('#signupPassword').type('Test1234!');\ncy.get('#signupRepeatPassword').focus();\ncy.get('#signupPassword').focus();\ncy.contains('Re-enter password required').should('be.visible');\ncy.get('button[type=\"button\"]').should('be.disabled');",
              "err": {},
              "uuid": "77ade8b4-7dba-436e-b8c3-392ae878f269",
              "parentUUID": "d1e5011b-2efb-4856-b70c-35cf1237335e",
              "isHook": false,
              "skipped": false
            },
            {
              "title": "should show an error for an empty password",
              "fullTitle": "Registration Tests with Basic Auth should show an error for an empty password",
              "timedOut": null,
              "duration": 1722,
              "state": "passed",
              "speed": "fast",
              "pass": true,
              "fail": false,
              "pending": false,
              "context": null,
              "code": "cy.get('#signupName').type('Vlada');\ncy.get('#signupLastName').type('Test');\ncy.get('#signupEmail').type(`test${Date.now()}vs@mailinator.com`);\ncy.get('#signupPassword').focus();\ncy.get('#signupRepeatPassword').type('Test1234!');\ncy.contains('Password required').should('be.visible');\ncy.get('button[type=\"button\"]').should('be.disabled');",
              "err": {},
              "uuid": "75299ee6-0964-491f-99f8-35365ecc2e90",
              "parentUUID": "d1e5011b-2efb-4856-b70c-35cf1237335e",
              "isHook": false,
              "skipped": false
            }
          ],
          "suites": [],
          "passes": [
            "d85bf4c4-553d-4052-90aa-eafb9e6d21cf",
            "2e58c760-30d8-4815-b9ce-6bca7474a72f",
            "13812c0a-d4bb-4ab3-abe1-6fd96b58540f",
            "80364bc9-62c4-4758-ae52-36da8a1f8139",
            "a645ffb5-c5f7-4a32-8259-5f2ffe39e1d2",
            "d7149dce-2152-4448-b5ef-0f75ba41b5e3",
            "aa21366d-b490-484d-a3b9-ec49b86196b0",
            "7a41da33-e644-4ca5-898f-5d92b47f904b",
            "f6114594-b62c-444a-938d-c4df7d2a984f",
            "db02647b-e806-4b37-98c1-d6f1bd6ba4de",
            "289dfb0e-46d2-4afe-ab39-747b07ba9823",
            "4af01367-9549-469a-b3f8-04db37564a60",
            "9baadd7c-8d3e-4006-a5a2-d0ababe5e3f8",
            "cf2784de-ffbf-48a9-a16c-5eb693cb6667",
            "a1663229-2a81-4e63-b6b4-d650ef6890c6",
            "54892aa9-01f1-4393-af8d-8d60f74bb201",
            "891343b7-e3fc-491f-b10a-bd4a49b0c24d",
            "77ade8b4-7dba-436e-b8c3-392ae878f269",
            "75299ee6-0964-491f-99f8-35365ecc2e90"
          ],
          "failures": [],
          "pending": [],
          "skipped": [],
          "duration": 39618,
          "root": false,
          "rootEmpty": false,
          "_timeout": 2000
        }
      ],
      "passes": [],
      "failures": [],
      "pending": [],
      "skipped": [],
      "duration": 0,
      "root": true,
      "rootEmpty": true,
      "_timeout": 2000
    }
  ],
  "meta": {
    "mocha": {
      "version": "7.0.1"
    },
    "mochawesome": {
      "options": {
        "quiet": false,
        "reportFilename": "mochawesome",
        "saveHtml": false,
        "saveJson": true,
        "consoleReporter": "spec",
        "useInlineDiffs": false,
        "code": true
      },
      "version": "7.1.3"
    },
    "marge": {
      "options": {
        "reportDir": "cypress/reports",
        "overwrite": false,
        "html": false,
        "json": true
      },
      "version": "6.2.0"
    }
  }
}