{
  "stats": {
    "suites": 1,
    "tests": 19,
    "passes": 19,
    "pending": 0,
    "failures": 0,
    "start": "2024-12-26T13:29:17.988Z",
    "end": "2024-12-26T13:29:58.430Z",
    "duration": 40442,
    "testsRegistered": 19,
    "passPercent": 100,
    "pendingPercent": 0,
    "other": 0,
    "hasOther": false,
    "skipped": 0,
    "hasSkipped": false
  },
  "results": [
    {
      "uuid": "781bb92b-defc-4aaa-8903-52014130c4a3",
      "title": "",
      "fullFile": "cypress/e2e/1-getting-started/Lesson_19.cy.js",
      "file": "cypress/e2e/1-getting-started/Lesson_19.cy.js",
      "beforeHooks": [],
      "afterHooks": [],
      "tests": [],
      "suites": [
        {
          "uuid": "408b53f9-b6e7-4a76-bd23-5e82fa1d2409",
          "title": "Registration Tests with Basic Auth",
          "fullFile": "",
          "file": "",
          "beforeHooks": [],
          "afterHooks": [],
          "tests": [
            {
              "title": "register successfully with valid details",
              "fullTitle": "Registration Tests with Basic Auth register successfully with valid details",
              "timedOut": null,
              "duration": 3592,
              "state": "passed",
              "speed": "fast",
              "pass": true,
              "fail": false,
              "pending": false,
              "context": null,
              "code": "const registeredEmail = `test${Date.now()}vs@mailinator.com`;\ncy.log(`Registering user with email: ${registeredEmail}`);\ncy.get('#signupName').type('Vlada');\ncy.get('#signupLastName').type('Test');\ncy.get('#signupEmail').type(registeredEmail);\ncy.get('#signupPassword').type('Test1234!', {\n  sensitive: true\n});\ncy.get('#signupRepeatPassword').type('Test1234!', {\n  sensitive: true\n});\ncy.contains('Register').click();\ncy.url().should('eq', 'https://qauto.forstudy.space/panel/garage');",
              "err": {},
              "uuid": "6cce487d-bdc7-4c0e-a43b-dba3e8971a89",
              "parentUUID": "408b53f9-b6e7-4a76-bd23-5e82fa1d2409",
              "isHook": false,
              "skipped": false
            },
            {
              "title": "should show an error for a name with 1 character",
              "fullTitle": "Registration Tests with Basic Auth should show an error for a name with 1 character",
              "timedOut": null,
              "duration": 1934,
              "state": "passed",
              "speed": "fast",
              "pass": true,
              "fail": false,
              "pending": false,
              "context": null,
              "code": "cy.get('#signupName').type('A');\ncy.get('#signupLastName').type('Test');\ncy.get('#signupEmail').type(`test${Date.now()}vs@mailinator.com`);\ncy.get('#signupPassword').type('Test1234!');\ncy.get('#signupRepeatPassword').type('Test1234!');\ncy.contains('Name has to be from 2 to 20 characters long').should('be.visible');\ncy.get('button[type=\"button\"]').should('be.disabled');",
              "err": {},
              "uuid": "5e2cb11b-052d-41e7-806f-cd6ec677114c",
              "parentUUID": "408b53f9-b6e7-4a76-bd23-5e82fa1d2409",
              "isHook": false,
              "skipped": false
            },
            {
              "title": "should show an error for a name with 21 characters",
              "fullTitle": "Registration Tests with Basic Auth should show an error for a name with 21 characters",
              "timedOut": null,
              "duration": 2505,
              "state": "passed",
              "speed": "fast",
              "pass": true,
              "fail": false,
              "pending": false,
              "context": null,
              "code": "cy.get('#signupName').type('A'.repeat(21));\ncy.get('#signupLastName').type('Test');\ncy.get('#signupEmail').type(`test${Date.now()}vs@mailinator.com`);\ncy.get('#signupPassword').type('Test1234!');\ncy.get('#signupRepeatPassword').type('Test1234!');\ncy.contains('Name has to be from 2 to 20 characters long').should('be.visible');\ncy.get('button[type=\"button\"]').should('be.disabled');",
              "err": {},
              "uuid": "ae6fb36b-18a8-436f-9800-cf9ca8f52c26",
              "parentUUID": "408b53f9-b6e7-4a76-bd23-5e82fa1d2409",
              "isHook": false,
              "skipped": false
            },
            {
              "title": "should show an error for a name with only numbers",
              "fullTitle": "Registration Tests with Basic Auth should show an error for a name with only numbers",
              "timedOut": null,
              "duration": 1974,
              "state": "passed",
              "speed": "fast",
              "pass": true,
              "fail": false,
              "pending": false,
              "context": null,
              "code": "cy.get('#signupName').type('12345');\ncy.get('#signupLastName').type('Test');\ncy.get('#signupEmail').type(`test${Date.now()}vs@mailinator.com`);\ncy.get('#signupPassword').type('Test1234!');\ncy.get('#signupRepeatPassword').type('Test1234!');\ncy.contains('Name is invalid').should('be.visible');\ncy.get('button[type=\"button\"]').should('be.disabled');",
              "err": {},
              "uuid": "d3fe9172-1ee1-4e99-b95a-4e4d59a34b2e",
              "parentUUID": "408b53f9-b6e7-4a76-bd23-5e82fa1d2409",
              "isHook": false,
              "skipped": false
            },
            {
              "title": "should show an error for a last name with 1 character",
              "fullTitle": "Registration Tests with Basic Auth should show an error for a last name with 1 character",
              "timedOut": null,
              "duration": 1870,
              "state": "passed",
              "speed": "fast",
              "pass": true,
              "fail": false,
              "pending": false,
              "context": null,
              "code": "cy.get('#signupName').type('Test');\ncy.get('#signupLastName').type('T');\ncy.get('#signupEmail').type(`test${Date.now()}vs@mailinator.com`);\ncy.get('#signupPassword').type('Test1234!');\ncy.get('#signupRepeatPassword').type('Test1234!');\ncy.contains('Last name has to be from 2 to 20 characters long').should('be.visible');\ncy.get('button[type=\"button\"]').should('be.disabled');",
              "err": {},
              "uuid": "24d5cb1b-ec9d-454e-8a88-5aa2cf389d83",
              "parentUUID": "408b53f9-b6e7-4a76-bd23-5e82fa1d2409",
              "isHook": false,
              "skipped": false
            },
            {
              "title": "should show an error for a last name with 21 characters",
              "fullTitle": "Registration Tests with Basic Auth should show an error for a last name with 21 characters",
              "timedOut": null,
              "duration": 2165,
              "state": "passed",
              "speed": "fast",
              "pass": true,
              "fail": false,
              "pending": false,
              "context": null,
              "code": "cy.get('#signupName').type('Test');\ncy.get('#signupLastName').type('T'.repeat(21));\ncy.get('#signupEmail').type(`test${Date.now()}vs@mailinator.com`);\ncy.get('#signupPassword').type('Test1234!');\ncy.get('#signupRepeatPassword').type('Test1234!');\ncy.contains('Last name has to be from 2 to 20 characters long').should('be.visible');\ncy.get('button[type=\"button\"]').should('be.disabled');",
              "err": {},
              "uuid": "90dea7c0-dbae-42e9-ab18-54f2463a8ee8",
              "parentUUID": "408b53f9-b6e7-4a76-bd23-5e82fa1d2409",
              "isHook": false,
              "skipped": false
            },
            {
              "title": "should show an error for a last name with only numbers",
              "fullTitle": "Registration Tests with Basic Auth should show an error for a last name with only numbers",
              "timedOut": null,
              "duration": 2032,
              "state": "passed",
              "speed": "fast",
              "pass": true,
              "fail": false,
              "pending": false,
              "context": null,
              "code": "cy.get('#signupName').type('Test');\ncy.get('#signupLastName').type('12345');\ncy.get('#signupEmail').type(`test${Date.now()}vs@mailinator.com`);\ncy.get('#signupPassword').type('Test1234!');\ncy.get('#signupRepeatPassword').type('Test1234!');\ncy.contains('Last name is invalid').should('be.visible');\ncy.get('button[type=\"button\"]').should('be.disabled');",
              "err": {},
              "uuid": "ee49935b-42f5-479c-86bd-0048adca27c4",
              "parentUUID": "408b53f9-b6e7-4a76-bd23-5e82fa1d2409",
              "isHook": false,
              "skipped": false
            },
            {
              "title": "should show an error for an invalid email",
              "fullTitle": "Registration Tests with Basic Auth should show an error for an invalid email",
              "timedOut": null,
              "duration": 1842,
              "state": "passed",
              "speed": "fast",
              "pass": true,
              "fail": false,
              "pending": false,
              "context": null,
              "code": "cy.get('#signupName').type('Vlada');\ncy.get('#signupLastName').type('Test');\ncy.get('#signupEmail').type('invalid-email');\ncy.get('#signupPassword').type('Test1234!');\ncy.get('#signupRepeatPassword').type('Test1234!');\ncy.contains('Email is incorrect').should('be.visible');\ncy.get('button[type=\"button\"]').should('be.disabled');",
              "err": {},
              "uuid": "b350087f-5247-4ee7-be73-f1a94a4e0f75",
              "parentUUID": "408b53f9-b6e7-4a76-bd23-5e82fa1d2409",
              "isHook": false,
              "skipped": false
            },
            {
              "title": "should show an error for a password with 7 characters",
              "fullTitle": "Registration Tests with Basic Auth should show an error for a password with 7 characters",
              "timedOut": null,
              "duration": 2313,
              "state": "passed",
              "speed": "fast",
              "pass": true,
              "fail": false,
              "pending": false,
              "context": null,
              "code": "cy.get('#signupName').type('Vlada');\ncy.get('#signupLastName').type('Test');\ncy.get('#signupEmail').type(`test${Date.now()}vs@mailinator.com`);\ncy.get('#signupPassword').type('Test123');\ncy.get('#signupRepeatPassword').type('Test123');\ncy.contains('Password has to be from 8 to 15 characters long and contain at least one integer, one capital, and one small letter').should('be.visible');\ncy.get('button[type=\"button\"]').should('be.disabled');",
              "err": {},
              "uuid": "1823bb48-c9f6-41fb-ace0-4563b6f5f217",
              "parentUUID": "408b53f9-b6e7-4a76-bd23-5e82fa1d2409",
              "isHook": false,
              "skipped": false
            },
            {
              "title": "should show an error for a password with 16 characters",
              "fullTitle": "Registration Tests with Basic Auth should show an error for a password with 16 characters",
              "timedOut": null,
              "duration": 2186,
              "state": "passed",
              "speed": "fast",
              "pass": true,
              "fail": false,
              "pending": false,
              "context": null,
              "code": "cy.get('#signupName').type('Vlada');\ncy.get('#signupLastName').type('Test');\ncy.get('#signupEmail').type(`test${Date.now()}vs@mailinator.com`);\ncy.get('#signupPassword').type('Test1234!Test1234');\ncy.get('#signupRepeatPassword').type('Test1234!Test1234');\ncy.contains('Password has to be from 8 to 15 characters long and contain at least one integer, one capital, and one small letter').should('be.visible');\ncy.get('button[type=\"button\"]').should('be.disabled');",
              "err": {},
              "uuid": "ebf57114-9853-4a27-a1ac-517394502c6f",
              "parentUUID": "408b53f9-b6e7-4a76-bd23-5e82fa1d2409",
              "isHook": false,
              "skipped": false
            },
            {
              "title": "should show an error for a password without a lowercase letter",
              "fullTitle": "Registration Tests with Basic Auth should show an error for a password without a lowercase letter",
              "timedOut": null,
              "duration": 2063,
              "state": "passed",
              "speed": "fast",
              "pass": true,
              "fail": false,
              "pending": false,
              "context": null,
              "code": "cy.get('#signupName').type('Vlada');\ncy.get('#signupLastName').type('Test');\ncy.get('#signupEmail').type(`test${Date.now()}vs@mailinator.com`);\ncy.get('#signupPassword').type('TEST1234!');\ncy.get('#signupRepeatPassword').type('TEST1234!');\ncy.contains('Password has to be from 8 to 15 characters long and contain at least one integer, one capital, and one small letter').should('be.visible');\ncy.get('button[type=\"button\"]').should('be.disabled');",
              "err": {},
              "uuid": "e7b06353-ac74-424f-9d38-b17557600726",
              "parentUUID": "408b53f9-b6e7-4a76-bd23-5e82fa1d2409",
              "isHook": false,
              "skipped": false
            },
            {
              "title": "should show an error for a password without an uppercase letter",
              "fullTitle": "Registration Tests with Basic Auth should show an error for a password without an uppercase letter",
              "timedOut": null,
              "duration": 2106,
              "state": "passed",
              "speed": "fast",
              "pass": true,
              "fail": false,
              "pending": false,
              "context": null,
              "code": "cy.get('#signupName').type('Vlada');\ncy.get('#signupLastName').type('Test');\ncy.get('#signupEmail').type(`test${Date.now()}vs@mailinator.com`);\ncy.get('#signupPassword').type('test1234!');\ncy.get('#signupRepeatPassword').type('test1234!');\ncy.contains('Password has to be from 8 to 15 characters long and contain at least one integer, one capital, and one small letter').should('be.visible');\ncy.get('button[type=\"button\"]').should('be.disabled');",
              "err": {},
              "uuid": "a2d6d4d5-65bd-4ca2-be20-207effc71fd5",
              "parentUUID": "408b53f9-b6e7-4a76-bd23-5e82fa1d2409",
              "isHook": false,
              "skipped": false
            },
            {
              "title": "should show an error for a password without any letters",
              "fullTitle": "Registration Tests with Basic Auth should show an error for a password without any letters",
              "timedOut": null,
              "duration": 2016,
              "state": "passed",
              "speed": "fast",
              "pass": true,
              "fail": false,
              "pending": false,
              "context": null,
              "code": "cy.get('#signupName').type('Vlada');\ncy.get('#signupLastName').type('Test');\ncy.get('#signupEmail').type(`test${Date.now()}vs@mailinator.com`);\ncy.get('#signupPassword').type('12345678!');\ncy.get('#signupRepeatPassword').type('12345678!');\ncy.contains('Password has to be from 8 to 15 characters long and contain at least one integer, one capital, and one small letter').should('be.visible');\ncy.get('button[type=\"button\"]').should('be.disabled');",
              "err": {},
              "uuid": "97240842-2902-4c07-81a1-46b7a681c4d7",
              "parentUUID": "408b53f9-b6e7-4a76-bd23-5e82fa1d2409",
              "isHook": false,
              "skipped": false
            },
            {
              "title": "should show an error when passwords do not match",
              "fullTitle": "Registration Tests with Basic Auth should show an error when passwords do not match",
              "timedOut": null,
              "duration": 2111,
              "state": "passed",
              "speed": "fast",
              "pass": true,
              "fail": false,
              "pending": false,
              "context": null,
              "code": "const password = 'Test1234!';\nconst repeatPassword = 'Different123!';\ncy.get('#signupName').type('Vlada');\ncy.get('#signupLastName').type('Test');\ncy.get('#signupEmail').type(`test${Date.now()}vs@mailinator.com`);\ncy.get('#signupPassword').type(password);\ncy.get('#signupRepeatPassword').type(repeatPassword);\ncy.log(`Entered password: ${password}`);\ncy.log(`Entered repeat password: ${repeatPassword}`);\ncy.get('#signupName').focus();\ncy.contains('Passwords do not match').should('be.visible');\ncy.get('button[type=\"button\"]').should('be.disabled');",
              "err": {},
              "uuid": "8e478975-5003-464e-942e-a51d8e7f8a12",
              "parentUUID": "408b53f9-b6e7-4a76-bd23-5e82fa1d2409",
              "isHook": false,
              "skipped": false
            },
            {
              "title": "should show an error for an empty last name",
              "fullTitle": "Registration Tests with Basic Auth should show an error for an empty last name",
              "timedOut": null,
              "duration": 1763,
              "state": "passed",
              "speed": "fast",
              "pass": true,
              "fail": false,
              "pending": false,
              "context": null,
              "code": "cy.get('#signupName').type('Test');\ncy.get('#signupLastName').focus();\ncy.get('#signupEmail').type(`test${Date.now()}vs@mailinator.com`);\ncy.get('#signupPassword').type('Test1234!');\ncy.get('#signupRepeatPassword').type('Test1234!');\ncy.contains('Last name required').should('be.visible');\ncy.get('button[type=\"button\"]').should('be.disabled');",
              "err": {},
              "uuid": "049a9892-49a9-41bd-94de-10f8ffbfdbc1",
              "parentUUID": "408b53f9-b6e7-4a76-bd23-5e82fa1d2409",
              "isHook": false,
              "skipped": false
            },
            {
              "title": "should show an error for an empty name",
              "fullTitle": "Registration Tests with Basic Auth should show an error for an empty name",
              "timedOut": null,
              "duration": 1744,
              "state": "passed",
              "speed": "fast",
              "pass": true,
              "fail": false,
              "pending": false,
              "context": null,
              "code": "cy.get('#signupName').focus();\ncy.get('#signupLastName').type('Test');\ncy.get('#signupEmail').type(`test${Date.now()}vs@mailinator.com`);\ncy.get('#signupPassword').type('Test1234!');\ncy.get('#signupRepeatPassword').type('Test1234!');\ncy.contains('Name required').should('be.visible');\ncy.get('button[type=\"button\"]').should('be.disabled');",
              "err": {},
              "uuid": "1eec7eed-859d-4833-b939-4e81d5f6d240",
              "parentUUID": "408b53f9-b6e7-4a76-bd23-5e82fa1d2409",
              "isHook": false,
              "skipped": false
            },
            {
              "title": "should show an error for an empty email",
              "fullTitle": "Registration Tests with Basic Auth should show an error for an empty email",
              "timedOut": null,
              "duration": 1506,
              "state": "passed",
              "speed": "fast",
              "pass": true,
              "fail": false,
              "pending": false,
              "context": null,
              "code": "cy.get('#signupName').type('Vlada');\ncy.get('#signupLastName').type('Test');\ncy.get('#signupEmail').focus();\ncy.get('#signupPassword').type('Test1234!');\ncy.get('#signupRepeatPassword').type('Test1234!');\ncy.contains('Email required').should('be.visible');\ncy.get('button[type=\"button\"]').should('be.disabled');",
              "err": {},
              "uuid": "2bfce9e6-186d-407d-92a1-92a5fa5cdf49",
              "parentUUID": "408b53f9-b6e7-4a76-bd23-5e82fa1d2409",
              "isHook": false,
              "skipped": false
            },
            {
              "title": "should show an error for an empty repeat password field",
              "fullTitle": "Registration Tests with Basic Auth should show an error for an empty repeat password field",
              "timedOut": null,
              "duration": 1788,
              "state": "passed",
              "speed": "fast",
              "pass": true,
              "fail": false,
              "pending": false,
              "context": null,
              "code": "cy.get('#signupName').type('Vlada');\ncy.get('#signupLastName').type('Test');\ncy.get('#signupEmail').type(`test${Date.now()}vs@mailinator.com`);\ncy.get('#signupPassword').type('Test1234!');\ncy.get('#signupRepeatPassword').focus();\ncy.get('#signupPassword').focus();\ncy.contains('Re-enter password required').should('be.visible');\ncy.get('button[type=\"button\"]').should('be.disabled');",
              "err": {},
              "uuid": "9708b0fb-1c1f-44f4-9a97-538a96e83880",
              "parentUUID": "408b53f9-b6e7-4a76-bd23-5e82fa1d2409",
              "isHook": false,
              "skipped": false
            },
            {
              "title": "should show an error for an empty password",
              "fullTitle": "Registration Tests with Basic Auth should show an error for an empty password",
              "timedOut": null,
              "duration": 1737,
              "state": "passed",
              "speed": "fast",
              "pass": true,
              "fail": false,
              "pending": false,
              "context": null,
              "code": "cy.get('#signupName').type('Vlada');\ncy.get('#signupLastName').type('Test');\ncy.get('#signupEmail').type(`test${Date.now()}vs@mailinator.com`);\ncy.get('#signupPassword').focus();\ncy.get('#signupRepeatPassword').type('Test1234!');\ncy.contains('Password required').should('be.visible');\ncy.get('button[type=\"button\"]').should('be.disabled');",
              "err": {},
              "uuid": "6bde3bb4-6a41-4f23-a462-f5049b9a68d2",
              "parentUUID": "408b53f9-b6e7-4a76-bd23-5e82fa1d2409",
              "isHook": false,
              "skipped": false
            }
          ],
          "suites": [],
          "passes": [
            "6cce487d-bdc7-4c0e-a43b-dba3e8971a89",
            "5e2cb11b-052d-41e7-806f-cd6ec677114c",
            "ae6fb36b-18a8-436f-9800-cf9ca8f52c26",
            "d3fe9172-1ee1-4e99-b95a-4e4d59a34b2e",
            "24d5cb1b-ec9d-454e-8a88-5aa2cf389d83",
            "90dea7c0-dbae-42e9-ab18-54f2463a8ee8",
            "ee49935b-42f5-479c-86bd-0048adca27c4",
            "b350087f-5247-4ee7-be73-f1a94a4e0f75",
            "1823bb48-c9f6-41fb-ace0-4563b6f5f217",
            "ebf57114-9853-4a27-a1ac-517394502c6f",
            "e7b06353-ac74-424f-9d38-b17557600726",
            "a2d6d4d5-65bd-4ca2-be20-207effc71fd5",
            "97240842-2902-4c07-81a1-46b7a681c4d7",
            "8e478975-5003-464e-942e-a51d8e7f8a12",
            "049a9892-49a9-41bd-94de-10f8ffbfdbc1",
            "1eec7eed-859d-4833-b939-4e81d5f6d240",
            "2bfce9e6-186d-407d-92a1-92a5fa5cdf49",
            "9708b0fb-1c1f-44f4-9a97-538a96e83880",
            "6bde3bb4-6a41-4f23-a462-f5049b9a68d2"
          ],
          "failures": [],
          "pending": [],
          "skipped": [],
          "duration": 39247,
          "root": false,
          "rootEmpty": false,
          "_timeout": 2000
        }
      ],
      "passes": [],
      "failures": [],
      "pending": [],
      "skipped": [],
      "duration": 0,
      "root": true,
      "rootEmpty": true,
      "_timeout": 2000
    }
  ],
  "meta": {
    "mocha": {
      "version": "7.0.1"
    },
    "mochawesome": {
      "options": {
        "quiet": false,
        "reportFilename": "mochawesome",
        "saveHtml": false,
        "saveJson": true,
        "consoleReporter": "spec",
        "useInlineDiffs": false,
        "code": true
      },
      "version": "7.1.3"
    },
    "marge": {
      "options": {
        "reportDir": "cypress/reports",
        "overwrite": false,
        "html": false,
        "json": true
      },
      "version": "6.2.0"
    }
  }
}