{
  "stats": {
    "suites": 1,
    "tests": 3,
    "passes": 3,
    "pending": 0,
    "failures": 0,
    "start": "2024-12-26T17:45:02.455Z",
    "end": "2024-12-26T17:45:05.900Z",
    "duration": 3445,
    "testsRegistered": 3,
    "passPercent": 100,
    "pendingPercent": 0,
    "other": 0,
    "hasOther": false,
    "skipped": 0,
    "hasSkipped": false
  },
  "results": [
    {
      "uuid": "5ad133cd-97db-4d72-a326-2f7ba0d4c872",
      "title": "",
      "fullFile": "cypress/e2e/1-getting-started/Lesson_18.cy.js",
      "file": "cypress/e2e/1-getting-started/Lesson_18.cy.js",
      "beforeHooks": [],
      "afterHooks": [],
      "tests": [],
      "suites": [
        {
          "uuid": "9bb388f4-3106-43a5-9ca2-1b323255db45",
          "title": "example to-do app",
          "fullFile": "",
          "file": "",
          "beforeHooks": [],
          "afterHooks": [],
          "tests": [
            {
              "title": "find all header buttons",
              "fullTitle": "example to-do app find all header buttons",
              "timedOut": null,
              "duration": 1259,
              "state": "passed",
              "speed": "fast",
              "pass": true,
              "fail": false,
              "pending": false,
              "context": null,
              "code": "cy.get('header button[class*=\"header\"], header a[class*=\"header\"]').each((button, index) => {\n  cy.wrap(button).invoke('text').then(text => {\n    cy.log(`Button ${index + 1}: ${text}`);\n  });\n}).then(buttons => {\n  cy.log(`All buttons found: ${buttons.length}`);\n});",
              "err": {},
              "uuid": "7ffb602c-3874-4378-a090-d402d84940f3",
              "parentUUID": "9bb388f4-3106-43a5-9ca2-1b323255db45",
              "isHook": false,
              "skipped": false
            },
            {
              "title": "find header-link buttons inside container",
              "fullTitle": "example to-do app find header-link buttons inside container",
              "timedOut": null,
              "duration": 609,
              "state": "passed",
              "speed": "fast",
              "pass": true,
              "fail": false,
              "pending": false,
              "context": null,
              "code": "cy.get('.container').find('.header-link').each((button, index) => {\n  cy.wrap(button).invoke('text').then(text => {\n    cy.log(`Button ${index + 1}: ${text}`);\n  });\n}).then(buttons => {\n  cy.log(`All buttons found: ${buttons.length}`);\n});",
              "err": {},
              "uuid": "ef9e6130-28e7-4c32-a7b9-7dec65aa18bb",
              "parentUUID": "9bb388f4-3106-43a5-9ca2-1b323255db45",
              "isHook": false,
              "skipped": false
            },
            {
              "title": "find ans check all footer link",
              "fullTitle": "example to-do app find ans check all footer link",
              "timedOut": null,
              "duration": 592,
              "state": "passed",
              "speed": "fast",
              "pass": true,
              "fail": false,
              "pending": false,
              "context": null,
              "code": "cy.get('[class*=\"socials_link\"], [class*=\"contacts_link\"]').each((element, index) => {\n  cy.wrap(element).then($link => {\n    const href = $link.attr('href');\n    cy.log(`Link ${index + 1}: ${href}`);\n    expect(href).to.not.be.empty;\n  });\n}).then(links => {\n  cy.log(`All links found: ${links.length}`);\n});",
              "err": {},
              "uuid": "d6fdab83-abb3-47c5-91b7-25267442d3cd",
              "parentUUID": "9bb388f4-3106-43a5-9ca2-1b323255db45",
              "isHook": false,
              "skipped": false
            }
          ],
          "suites": [],
          "passes": [
            "7ffb602c-3874-4378-a090-d402d84940f3",
            "ef9e6130-28e7-4c32-a7b9-7dec65aa18bb",
            "d6fdab83-abb3-47c5-91b7-25267442d3cd"
          ],
          "failures": [],
          "pending": [],
          "skipped": [],
          "duration": 2460,
          "root": false,
          "rootEmpty": false,
          "_timeout": 2000
        }
      ],
      "passes": [],
      "failures": [],
      "pending": [],
      "skipped": [],
      "duration": 0,
      "root": true,
      "rootEmpty": true,
      "_timeout": 2000
    }
  ],
  "meta": {
    "mocha": {
      "version": "7.0.1"
    },
    "mochawesome": {
      "options": {
        "quiet": false,
        "reportFilename": "mochawesome",
        "saveHtml": false,
        "saveJson": true,
        "consoleReporter": "spec",
        "useInlineDiffs": false,
        "code": true
      },
      "version": "7.1.3"
    },
    "marge": {
      "options": {
        "reportDir": "cypress/reports",
        "overwrite": false,
        "html": false,
        "json": true
      },
      "version": "6.2.0"
    }
  }
}