{
  "stats": {
    "suites": 1,
    "tests": 1,
    "passes": 1,
    "pending": 0,
    "failures": 0,
    "start": "2024-12-23T13:41:17.253Z",
    "end": "2024-12-23T13:41:22.118Z",
    "duration": 4865,
    "testsRegistered": 1,
    "passPercent": 100,
    "pendingPercent": 0,
    "other": 0,
    "hasOther": false,
    "skipped": 0,
    "hasSkipped": false
  },
  "results": [
    {
      "uuid": "b3a17f61-e843-4f88-ab4b-6584e1e61171",
      "title": "",
      "fullFile": "cypress/e2e/1-getting-started/Lesson 19.1.cy.js",
      "file": "cypress/e2e/1-getting-started/Lesson 19.1.cy.js",
      "beforeHooks": [],
      "afterHooks": [],
      "tests": [],
      "suites": [
        {
          "uuid": "7c398042-b030-4393-846d-e62a4f163b1e",
          "title": "Registration Tests with Basic Auth",
          "fullFile": "",
          "file": "",
          "beforeHooks": [],
          "afterHooks": [],
          "tests": [
            {
              "title": " Log in successfully",
              "fullTitle": "Registration Tests with Basic Auth  Log in successfully",
              "timedOut": null,
              "duration": 4397,
              "state": "passed",
              "speed": "fast",
              "pass": true,
              "fail": false,
              "pending": false,
              "context": null,
              "code": "const email = 'test1734889756918vs@mailinator.com';\nconst password = 'Test1234!';\ncy.login(email, password);\ncy.url().should('include', '/panel/garage');",
              "err": {},
              "uuid": "e4991d3c-03b8-47b3-bb04-35c8085868ed",
              "parentUUID": "7c398042-b030-4393-846d-e62a4f163b1e",
              "isHook": false,
              "skipped": false
            }
          ],
          "suites": [],
          "passes": [
            "e4991d3c-03b8-47b3-bb04-35c8085868ed"
          ],
          "failures": [],
          "pending": [],
          "skipped": [],
          "duration": 4397,
          "root": false,
          "rootEmpty": false,
          "_timeout": 2000
        }
      ],
      "passes": [],
      "failures": [],
      "pending": [],
      "skipped": [],
      "duration": 0,
      "root": true,
      "rootEmpty": true,
      "_timeout": 2000
    }
  ],
  "meta": {
    "mocha": {
      "version": "7.0.1"
    },
    "mochawesome": {
      "options": {
        "quiet": false,
        "reportFilename": "mochawesome",
        "saveHtml": true,
        "saveJson": true,
        "consoleReporter": "spec",
        "useInlineDiffs": false,
        "code": true
      },
      "version": "7.1.3"
    },
    "marge": {
      "options": {
        "reportDir": "cypress/reports",
        "overwrite": false,
        "html": true,
        "json": true
      },
      "version": "6.2.0"
    }
  }
}