{
  "stats": {
    "suites": 1,
    "tests": 1,
    "passes": 0,
    "pending": 0,
    "failures": 1,
    "start": "2024-12-26T16:49:36.522Z",
    "end": "2024-12-26T16:49:45.807Z",
    "duration": 9285,
    "testsRegistered": 1,
    "passPercent": 0,
    "pendingPercent": 0,
    "other": 0,
    "hasOther": false,
    "skipped": 0,
    "hasSkipped": false
  },
  "results": [
    {
      "uuid": "4735d114-3783-4b47-b819-e8aaa30b7374",
      "title": "",
      "fullFile": "cypress/e2e/1-getting-started/Lesson_20.cy.js",
      "file": "cypress/e2e/1-getting-started/Lesson_20.cy.js",
      "beforeHooks": [],
      "afterHooks": [],
      "tests": [],
      "suites": [
        {
          "uuid": "4795468d-fabb-4a9c-8ba8-43469bbd0434",
          "title": "Garage and Expenses Tests",
          "fullFile": "",
          "file": "",
          "beforeHooks": [],
          "afterHooks": [],
          "tests": [
            {
              "title": "should add BMW X5 and add fuel expense with liters and total cost",
              "fullTitle": "Garage and Expenses Tests should add BMW X5 and add fuel expense with liters and total cost",
              "timedOut": null,
              "duration": 9212,
              "state": "failed",
              "speed": null,
              "pass": false,
              "fail": true,
              "pending": false,
              "context": null,
              "code": "// Добавление автомобиля\n_GaragePage.default.navigateToAddCar();\n_GaragePage.default.addCar('BMW', 'X5', '100');\ncy.contains('BMW X5').should('be.visible');\ncy.contains('Add fuel expense').click();\n// Передаем только два параметра: литры и стоимость\n_ExpensesPage.default.addExpense('BMW X5', '2024-12-26', '120', '100', '50');\n// В этом месте только заполняются пустые поля\n// Поля заполняются только если они пустые, если уже есть значения, то ничего не меняется\ncy.get('#addExpenseCar').should('have.value', 'BMW X5'); // Проверка модели автомобиля\ncy.get('#addExpenseDate').should('have.value', '2024-12-26'); // Проверка даты\ncy.get('#addExpenseMileage').should('have.value', '100'); // Проверка пробега\ncy.get('#addExpenseLiters').should('have.value', '50'); // Проверка литров\ncy.get('#addExpenseTotalCost').should('have.value', '100'); // Проверка стоимости\n// Кликаем по кнопке \"Add\"\ncy.contains('Add').click();\n// Проверяем, что расход с литрами и стоимостью отображается на странице\ncy.contains('50').should('be.visible'); // Литры\ncy.contains('100').should('be.visible'); // Стоимость",
              "err": {
                "message": "AssertionError: Timed out retrying after 4000ms: expected '<select#addExpenseCar.form-control.ng-untouched.ng-pristine.ng-valid>' to have value 'BMW X5', but the value was '0: 227564'",
                "estack": "AssertionError: Timed out retrying after 4000ms: expected '<select#addExpenseCar.form-control.ng-untouched.ng-pristine.ng-valid>' to have value 'BMW X5', but the value was '0: 227564'\n    at Context.eval (webpack:///./cypress/e2e/1-getting-started/Lesson_20.cy.js:32:29)",
                "diff": "- '0: 227564'\n+ 'BMW X5'\n"
              },
              "uuid": "5e1672fc-c005-4543-b32a-4166e4f88b3d",
              "parentUUID": "4795468d-fabb-4a9c-8ba8-43469bbd0434",
              "isHook": false,
              "skipped": false
            }
          ],
          "suites": [],
          "passes": [],
          "failures": [
            "5e1672fc-c005-4543-b32a-4166e4f88b3d"
          ],
          "pending": [],
          "skipped": [],
          "duration": 9212,
          "root": false,
          "rootEmpty": false,
          "_timeout": 2000
        }
      ],
      "passes": [],
      "failures": [],
      "pending": [],
      "skipped": [],
      "duration": 0,
      "root": true,
      "rootEmpty": true,
      "_timeout": 2000
    }
  ],
  "meta": {
    "mocha": {
      "version": "7.0.1"
    },
    "mochawesome": {
      "options": {
        "quiet": false,
        "reportFilename": "mochawesome",
        "saveHtml": false,
        "saveJson": true,
        "consoleReporter": "spec",
        "useInlineDiffs": false,
        "code": true
      },
      "version": "7.1.3"
    },
    "marge": {
      "options": {
        "reportDir": "cypress/reports",
        "overwrite": false,
        "html": false,
        "json": true
      },
      "version": "6.2.0"
    }
  }
}