{
  "stats": {
    "suites": 1,
    "tests": 1,
    "passes": 0,
    "pending": 0,
    "failures": 1,
    "start": "2024-12-23T17:34:53.950Z",
    "end": "2024-12-23T17:34:54.279Z",
    "duration": 329,
    "testsRegistered": 1,
    "passPercent": 0,
    "pendingPercent": 0,
    "other": 0,
    "hasOther": false,
    "skipped": 0,
    "hasSkipped": false
  },
  "results": [
    {
      "uuid": "f4ee8647-d9dc-4681-847b-6b40d9532452",
      "title": "",
      "fullFile": "cypress/e2e/1-getting-started/Lesson_20.cy.js",
      "file": "cypress/e2e/1-getting-started/Lesson_20.cy.js",
      "beforeHooks": [],
      "afterHooks": [],
      "tests": [],
      "suites": [
        {
          "uuid": "45017d3e-63d6-4867-a558-a11300396ecd",
          "title": "Garage and Expenses Tests",
          "fullFile": "",
          "file": "",
          "beforeHooks": [],
          "afterHooks": [],
          "tests": [
            {
              "title": "should add BMW X5 and add fuel expense",
              "fullTitle": "Garage and Expenses Tests should add BMW X5 and add fuel expense",
              "timedOut": null,
              "duration": 275,
              "state": "failed",
              "speed": null,
              "pass": false,
              "fail": true,
              "pending": false,
              "context": null,
              "code": "// Добавляем машину BMW X5\n_GaragePage.default.navigateToAddCar();\n_GaragePage.default.addCar('BMW', 'X5', '100');\n// Проверяем, что машина добавлена\ncy.contains('BMW X5').should('be.visible');\n// Кликаем на кнопку \"Add fuel expense\"\ncy.contains('Add fuel expense').click();\n// Добавляем расходы на топливо\n_ExpensesPage.default.addExpense('BMW X5', '2024-12-23', '150', '100', '50'); // Параметры расхода\n// Проверяем, что данные добавлены в список расходов\ncy.contains('150').should('be.visible');\ncy.contains('50').should('be.visible');\ncy.contains('100').should('be.visible');",
              "err": {
                "message": "ReferenceError: config is not defined\n\nBecause this error occurred during a `before each` hook we are skipping the remaining tests in the current suite: `Garage and Expenses Tests`",
                "estack": "ReferenceError: config is not defined\n\nBecause this error occurred during a `before each` hook we are skipping the remaining tests in the current suite: `Garage and Expenses Tests`\n    at Context.eval (webpack:///./cypress/e2e/1-getting-started/Lesson_20.cy.js:8:17)",
                "diff": null
              },
              "uuid": "405dfa5c-5b23-4b52-a948-7cbd1aa5eeff",
              "parentUUID": "45017d3e-63d6-4867-a558-a11300396ecd",
              "isHook": false,
              "skipped": false
            }
          ],
          "suites": [],
          "passes": [],
          "failures": [
            "405dfa5c-5b23-4b52-a948-7cbd1aa5eeff"
          ],
          "pending": [],
          "skipped": [],
          "duration": 275,
          "root": false,
          "rootEmpty": false,
          "_timeout": 2000
        }
      ],
      "passes": [],
      "failures": [],
      "pending": [],
      "skipped": [],
      "duration": 0,
      "root": true,
      "rootEmpty": true,
      "_timeout": 2000
    }
  ],
  "meta": {
    "mocha": {
      "version": "7.0.1"
    },
    "mochawesome": {
      "options": {
        "quiet": false,
        "reportFilename": "mochawesome",
        "saveHtml": false,
        "saveJson": true,
        "consoleReporter": "spec",
        "useInlineDiffs": false,
        "code": true
      },
      "version": "7.1.3"
    },
    "marge": {
      "options": {
        "reportDir": "cypress/reports",
        "overwrite": false,
        "html": false,
        "json": true
      },
      "version": "6.2.0"
    }
  }
}