{
  "stats": {
    "suites": 1,
    "tests": 19,
    "passes": 19,
    "pending": 0,
    "failures": 0,
    "start": "2024-12-26T17:45:08.667Z",
    "end": "2024-12-26T17:45:54.277Z",
    "duration": 45610,
    "testsRegistered": 19,
    "passPercent": 100,
    "pendingPercent": 0,
    "other": 0,
    "hasOther": false,
    "skipped": 0,
    "hasSkipped": false
  },
  "results": [
    {
      "uuid": "46ad6e3e-30b2-4aa1-a6ca-3513589d5b19",
      "title": "",
      "fullFile": "cypress/e2e/1-getting-started/Lesson_19.cy.js",
      "file": "cypress/e2e/1-getting-started/Lesson_19.cy.js",
      "beforeHooks": [],
      "afterHooks": [],
      "tests": [],
      "suites": [
        {
          "uuid": "5a4d42d1-01ed-43a9-a6ed-8bebe2abf14c",
          "title": "Registration Tests with Basic Auth",
          "fullFile": "",
          "file": "",
          "beforeHooks": [],
          "afterHooks": [],
          "tests": [
            {
              "title": "register successfully with valid details",
              "fullTitle": "Registration Tests with Basic Auth register successfully with valid details",
              "timedOut": null,
              "duration": 4032,
              "state": "passed",
              "speed": "fast",
              "pass": true,
              "fail": false,
              "pending": false,
              "context": null,
              "code": "const registeredEmail = `test${Date.now()}vs@mailinator.com`;\ncy.log(`Registering user with email: ${registeredEmail}`);\ncy.get('#signupName').type('Vlada');\ncy.get('#signupLastName').type('Test');\ncy.get('#signupEmail').type(registeredEmail);\ncy.get('#signupPassword').type('Test1234!', {\n  sensitive: true\n});\ncy.get('#signupRepeatPassword').type('Test1234!', {\n  sensitive: true\n});\ncy.contains('Register').click();\ncy.url().should('eq', 'https://qauto.forstudy.space/panel/garage');",
              "err": {},
              "uuid": "f0604c59-e95d-4ec9-a222-422c73ffeed5",
              "parentUUID": "5a4d42d1-01ed-43a9-a6ed-8bebe2abf14c",
              "isHook": false,
              "skipped": false
            },
            {
              "title": "should show an error for a name with 1 character",
              "fullTitle": "Registration Tests with Basic Auth should show an error for a name with 1 character",
              "timedOut": null,
              "duration": 2222,
              "state": "passed",
              "speed": "fast",
              "pass": true,
              "fail": false,
              "pending": false,
              "context": null,
              "code": "cy.get('#signupName').type('A');\ncy.get('#signupLastName').type('Test');\ncy.get('#signupEmail').type(`test${Date.now()}vs@mailinator.com`);\ncy.get('#signupPassword').type('Test1234!');\ncy.get('#signupRepeatPassword').type('Test1234!');\ncy.contains('Name has to be from 2 to 20 characters long').should('be.visible');\ncy.get('button[type=\"button\"]').should('be.disabled');",
              "err": {},
              "uuid": "08663742-6593-4251-93a0-d461a7cff980",
              "parentUUID": "5a4d42d1-01ed-43a9-a6ed-8bebe2abf14c",
              "isHook": false,
              "skipped": false
            },
            {
              "title": "should show an error for a name with 21 characters",
              "fullTitle": "Registration Tests with Basic Auth should show an error for a name with 21 characters",
              "timedOut": null,
              "duration": 2777,
              "state": "passed",
              "speed": "fast",
              "pass": true,
              "fail": false,
              "pending": false,
              "context": null,
              "code": "cy.get('#signupName').type('A'.repeat(21));\ncy.get('#signupLastName').type('Test');\ncy.get('#signupEmail').type(`test${Date.now()}vs@mailinator.com`);\ncy.get('#signupPassword').type('Test1234!');\ncy.get('#signupRepeatPassword').type('Test1234!');\ncy.contains('Name has to be from 2 to 20 characters long').should('be.visible');\ncy.get('button[type=\"button\"]').should('be.disabled');",
              "err": {},
              "uuid": "8f58bea0-5c36-4f15-8e10-7bae54a4aff6",
              "parentUUID": "5a4d42d1-01ed-43a9-a6ed-8bebe2abf14c",
              "isHook": false,
              "skipped": false
            },
            {
              "title": "should show an error for a name with only numbers",
              "fullTitle": "Registration Tests with Basic Auth should show an error for a name with only numbers",
              "timedOut": null,
              "duration": 2104,
              "state": "passed",
              "speed": "fast",
              "pass": true,
              "fail": false,
              "pending": false,
              "context": null,
              "code": "cy.get('#signupName').type('12345');\ncy.get('#signupLastName').type('Test');\ncy.get('#signupEmail').type(`test${Date.now()}vs@mailinator.com`);\ncy.get('#signupPassword').type('Test1234!');\ncy.get('#signupRepeatPassword').type('Test1234!');\ncy.contains('Name is invalid').should('be.visible');\ncy.get('button[type=\"button\"]').should('be.disabled');",
              "err": {},
              "uuid": "2ab7e0cf-ba06-4e56-833d-4e39f21a0215",
              "parentUUID": "5a4d42d1-01ed-43a9-a6ed-8bebe2abf14c",
              "isHook": false,
              "skipped": false
            },
            {
              "title": "should show an error for a last name with 1 character",
              "fullTitle": "Registration Tests with Basic Auth should show an error for a last name with 1 character",
              "timedOut": null,
              "duration": 2022,
              "state": "passed",
              "speed": "fast",
              "pass": true,
              "fail": false,
              "pending": false,
              "context": null,
              "code": "cy.get('#signupName').type('Test');\ncy.get('#signupLastName').type('T');\ncy.get('#signupEmail').type(`test${Date.now()}vs@mailinator.com`);\ncy.get('#signupPassword').type('Test1234!');\ncy.get('#signupRepeatPassword').type('Test1234!');\ncy.contains('Last name has to be from 2 to 20 characters long').should('be.visible');\ncy.get('button[type=\"button\"]').should('be.disabled');",
              "err": {},
              "uuid": "15b4e50d-361e-4838-b832-9d60778713af",
              "parentUUID": "5a4d42d1-01ed-43a9-a6ed-8bebe2abf14c",
              "isHook": false,
              "skipped": false
            },
            {
              "title": "should show an error for a last name with 21 characters",
              "fullTitle": "Registration Tests with Basic Auth should show an error for a last name with 21 characters",
              "timedOut": null,
              "duration": 2238,
              "state": "passed",
              "speed": "fast",
              "pass": true,
              "fail": false,
              "pending": false,
              "context": null,
              "code": "cy.get('#signupName').type('Test');\ncy.get('#signupLastName').type('T'.repeat(21));\ncy.get('#signupEmail').type(`test${Date.now()}vs@mailinator.com`);\ncy.get('#signupPassword').type('Test1234!');\ncy.get('#signupRepeatPassword').type('Test1234!');\ncy.contains('Last name has to be from 2 to 20 characters long').should('be.visible');\ncy.get('button[type=\"button\"]').should('be.disabled');",
              "err": {},
              "uuid": "e24bf836-e946-4091-ad14-f0ba1dcc3347",
              "parentUUID": "5a4d42d1-01ed-43a9-a6ed-8bebe2abf14c",
              "isHook": false,
              "skipped": false
            },
            {
              "title": "should show an error for a last name with only numbers",
              "fullTitle": "Registration Tests with Basic Auth should show an error for a last name with only numbers",
              "timedOut": null,
              "duration": 2145,
              "state": "passed",
              "speed": "fast",
              "pass": true,
              "fail": false,
              "pending": false,
              "context": null,
              "code": "cy.get('#signupName').type('Test');\ncy.get('#signupLastName').type('12345');\ncy.get('#signupEmail').type(`test${Date.now()}vs@mailinator.com`);\ncy.get('#signupPassword').type('Test1234!');\ncy.get('#signupRepeatPassword').type('Test1234!');\ncy.contains('Last name is invalid').should('be.visible');\ncy.get('button[type=\"button\"]').should('be.disabled');",
              "err": {},
              "uuid": "01671f85-2f7e-43d1-8bf8-6fdda0ee2780",
              "parentUUID": "5a4d42d1-01ed-43a9-a6ed-8bebe2abf14c",
              "isHook": false,
              "skipped": false
            },
            {
              "title": "should show an error for an invalid email",
              "fullTitle": "Registration Tests with Basic Auth should show an error for an invalid email",
              "timedOut": null,
              "duration": 1996,
              "state": "passed",
              "speed": "fast",
              "pass": true,
              "fail": false,
              "pending": false,
              "context": null,
              "code": "cy.get('#signupName').type('Vlada');\ncy.get('#signupLastName').type('Test');\ncy.get('#signupEmail').type('invalid-email');\ncy.get('#signupPassword').type('Test1234!');\ncy.get('#signupRepeatPassword').type('Test1234!');\ncy.contains('Email is incorrect').should('be.visible');\ncy.get('button[type=\"button\"]').should('be.disabled');",
              "err": {},
              "uuid": "f43eac79-75a4-43b7-83d6-7d412bbfaafd",
              "parentUUID": "5a4d42d1-01ed-43a9-a6ed-8bebe2abf14c",
              "isHook": false,
              "skipped": false
            },
            {
              "title": "should show an error for a password with 7 characters",
              "fullTitle": "Registration Tests with Basic Auth should show an error for a password with 7 characters",
              "timedOut": null,
              "duration": 2169,
              "state": "passed",
              "speed": "fast",
              "pass": true,
              "fail": false,
              "pending": false,
              "context": null,
              "code": "cy.get('#signupName').type('Vlada');\ncy.get('#signupLastName').type('Test');\ncy.get('#signupEmail').type(`test${Date.now()}vs@mailinator.com`);\ncy.get('#signupPassword').type('Test123');\ncy.get('#signupRepeatPassword').type('Test123');\ncy.contains('Password has to be from 8 to 15 characters long and contain at least one integer, one capital, and one small letter').should('be.visible');\ncy.get('button[type=\"button\"]').should('be.disabled');",
              "err": {},
              "uuid": "bb94808b-50af-4adb-8177-5f81cf8f96ac",
              "parentUUID": "5a4d42d1-01ed-43a9-a6ed-8bebe2abf14c",
              "isHook": false,
              "skipped": false
            },
            {
              "title": "should show an error for a password with 16 characters",
              "fullTitle": "Registration Tests with Basic Auth should show an error for a password with 16 characters",
              "timedOut": null,
              "duration": 2375,
              "state": "passed",
              "speed": "fast",
              "pass": true,
              "fail": false,
              "pending": false,
              "context": null,
              "code": "cy.get('#signupName').type('Vlada');\ncy.get('#signupLastName').type('Test');\ncy.get('#signupEmail').type(`test${Date.now()}vs@mailinator.com`);\ncy.get('#signupPassword').type('Test1234!Test1234');\ncy.get('#signupRepeatPassword').type('Test1234!Test1234');\ncy.contains('Password has to be from 8 to 15 characters long and contain at least one integer, one capital, and one small letter').should('be.visible');\ncy.get('button[type=\"button\"]').should('be.disabled');",
              "err": {},
              "uuid": "d4536065-8688-4657-9bc7-58efe0143078",
              "parentUUID": "5a4d42d1-01ed-43a9-a6ed-8bebe2abf14c",
              "isHook": false,
              "skipped": false
            },
            {
              "title": "should show an error for a password without a lowercase letter",
              "fullTitle": "Registration Tests with Basic Auth should show an error for a password without a lowercase letter",
              "timedOut": null,
              "duration": 2655,
              "state": "passed",
              "speed": "fast",
              "pass": true,
              "fail": false,
              "pending": false,
              "context": null,
              "code": "cy.get('#signupName').type('Vlada');\ncy.get('#signupLastName').type('Test');\ncy.get('#signupEmail').type(`test${Date.now()}vs@mailinator.com`);\ncy.get('#signupPassword').type('TEST1234!');\ncy.get('#signupRepeatPassword').type('TEST1234!');\ncy.contains('Password has to be from 8 to 15 characters long and contain at least one integer, one capital, and one small letter').should('be.visible');\ncy.get('button[type=\"button\"]').should('be.disabled');",
              "err": {},
              "uuid": "0913cc3f-3d56-40e6-bc42-a12dbd3eab9e",
              "parentUUID": "5a4d42d1-01ed-43a9-a6ed-8bebe2abf14c",
              "isHook": false,
              "skipped": false
            },
            {
              "title": "should show an error for a password without an uppercase letter",
              "fullTitle": "Registration Tests with Basic Auth should show an error for a password without an uppercase letter",
              "timedOut": null,
              "duration": 2899,
              "state": "passed",
              "speed": "fast",
              "pass": true,
              "fail": false,
              "pending": false,
              "context": null,
              "code": "cy.get('#signupName').type('Vlada');\ncy.get('#signupLastName').type('Test');\ncy.get('#signupEmail').type(`test${Date.now()}vs@mailinator.com`);\ncy.get('#signupPassword').type('test1234!');\ncy.get('#signupRepeatPassword').type('test1234!');\ncy.contains('Password has to be from 8 to 15 characters long and contain at least one integer, one capital, and one small letter').should('be.visible');\ncy.get('button[type=\"button\"]').should('be.disabled');",
              "err": {},
              "uuid": "4eb61d3a-1fc8-4814-90e1-011fba4c0ef1",
              "parentUUID": "5a4d42d1-01ed-43a9-a6ed-8bebe2abf14c",
              "isHook": false,
              "skipped": false
            },
            {
              "title": "should show an error for a password without any letters",
              "fullTitle": "Registration Tests with Basic Auth should show an error for a password without any letters",
              "timedOut": null,
              "duration": 2639,
              "state": "passed",
              "speed": "fast",
              "pass": true,
              "fail": false,
              "pending": false,
              "context": null,
              "code": "cy.get('#signupName').type('Vlada');\ncy.get('#signupLastName').type('Test');\ncy.get('#signupEmail').type(`test${Date.now()}vs@mailinator.com`);\ncy.get('#signupPassword').type('12345678!');\ncy.get('#signupRepeatPassword').type('12345678!');\ncy.contains('Password has to be from 8 to 15 characters long and contain at least one integer, one capital, and one small letter').should('be.visible');\ncy.get('button[type=\"button\"]').should('be.disabled');",
              "err": {},
              "uuid": "2c1cd538-0199-4a73-9504-8589eb9400d0",
              "parentUUID": "5a4d42d1-01ed-43a9-a6ed-8bebe2abf14c",
              "isHook": false,
              "skipped": false
            },
            {
              "title": "should show an error when passwords do not match",
              "fullTitle": "Registration Tests with Basic Auth should show an error when passwords do not match",
              "timedOut": null,
              "duration": 2454,
              "state": "passed",
              "speed": "fast",
              "pass": true,
              "fail": false,
              "pending": false,
              "context": null,
              "code": "const password = 'Test1234!';\nconst repeatPassword = 'Different123!';\ncy.get('#signupName').type('Vlada');\ncy.get('#signupLastName').type('Test');\ncy.get('#signupEmail').type(`test${Date.now()}vs@mailinator.com`);\ncy.get('#signupPassword').type(password);\ncy.get('#signupRepeatPassword').type(repeatPassword);\ncy.log(`Entered password: ${password}`);\ncy.log(`Entered repeat password: ${repeatPassword}`);\ncy.get('#signupName').focus();\ncy.contains('Passwords do not match').should('be.visible');\ncy.get('button[type=\"button\"]').should('be.disabled');",
              "err": {},
              "uuid": "25ddf4d0-9a65-41f2-b1b1-21ae3004cfe8",
              "parentUUID": "5a4d42d1-01ed-43a9-a6ed-8bebe2abf14c",
              "isHook": false,
              "skipped": false
            },
            {
              "title": "should show an error for an empty last name",
              "fullTitle": "Registration Tests with Basic Auth should show an error for an empty last name",
              "timedOut": null,
              "duration": 1937,
              "state": "passed",
              "speed": "fast",
              "pass": true,
              "fail": false,
              "pending": false,
              "context": null,
              "code": "cy.get('#signupName').type('Test');\ncy.get('#signupLastName').focus();\ncy.get('#signupEmail').type(`test${Date.now()}vs@mailinator.com`);\ncy.get('#signupPassword').type('Test1234!');\ncy.get('#signupRepeatPassword').type('Test1234!');\ncy.contains('Last name required').should('be.visible');\ncy.get('button[type=\"button\"]').should('be.disabled');",
              "err": {},
              "uuid": "60d365ca-a290-4484-815d-66a4ad81b448",
              "parentUUID": "5a4d42d1-01ed-43a9-a6ed-8bebe2abf14c",
              "isHook": false,
              "skipped": false
            },
            {
              "title": "should show an error for an empty name",
              "fullTitle": "Registration Tests with Basic Auth should show an error for an empty name",
              "timedOut": null,
              "duration": 1945,
              "state": "passed",
              "speed": "fast",
              "pass": true,
              "fail": false,
              "pending": false,
              "context": null,
              "code": "cy.get('#signupName').focus();\ncy.get('#signupLastName').type('Test');\ncy.get('#signupEmail').type(`test${Date.now()}vs@mailinator.com`);\ncy.get('#signupPassword').type('Test1234!');\ncy.get('#signupRepeatPassword').type('Test1234!');\ncy.contains('Name required').should('be.visible');\ncy.get('button[type=\"button\"]').should('be.disabled');",
              "err": {},
              "uuid": "4e2d9f06-3b4a-43c6-ad5a-905af9e2725a",
              "parentUUID": "5a4d42d1-01ed-43a9-a6ed-8bebe2abf14c",
              "isHook": false,
              "skipped": false
            },
            {
              "title": "should show an error for an empty email",
              "fullTitle": "Registration Tests with Basic Auth should show an error for an empty email",
              "timedOut": null,
              "duration": 1569,
              "state": "passed",
              "speed": "fast",
              "pass": true,
              "fail": false,
              "pending": false,
              "context": null,
              "code": "cy.get('#signupName').type('Vlada');\ncy.get('#signupLastName').type('Test');\ncy.get('#signupEmail').focus();\ncy.get('#signupPassword').type('Test1234!');\ncy.get('#signupRepeatPassword').type('Test1234!');\ncy.contains('Email required').should('be.visible');\ncy.get('button[type=\"button\"]').should('be.disabled');",
              "err": {},
              "uuid": "be06111e-f86f-460e-bb6d-44fba484e6ec",
              "parentUUID": "5a4d42d1-01ed-43a9-a6ed-8bebe2abf14c",
              "isHook": false,
              "skipped": false
            },
            {
              "title": "should show an error for an empty repeat password field",
              "fullTitle": "Registration Tests with Basic Auth should show an error for an empty repeat password field",
              "timedOut": null,
              "duration": 1897,
              "state": "passed",
              "speed": "fast",
              "pass": true,
              "fail": false,
              "pending": false,
              "context": null,
              "code": "cy.get('#signupName').type('Vlada');\ncy.get('#signupLastName').type('Test');\ncy.get('#signupEmail').type(`test${Date.now()}vs@mailinator.com`);\ncy.get('#signupPassword').type('Test1234!');\ncy.get('#signupRepeatPassword').focus();\ncy.get('#signupPassword').focus();\ncy.contains('Re-enter password required').should('be.visible');\ncy.get('button[type=\"button\"]').should('be.disabled');",
              "err": {},
              "uuid": "a5f440db-4450-4067-b6de-68869255896e",
              "parentUUID": "5a4d42d1-01ed-43a9-a6ed-8bebe2abf14c",
              "isHook": false,
              "skipped": false
            },
            {
              "title": "should show an error for an empty password",
              "fullTitle": "Registration Tests with Basic Auth should show an error for an empty password",
              "timedOut": null,
              "duration": 1910,
              "state": "passed",
              "speed": "fast",
              "pass": true,
              "fail": false,
              "pending": false,
              "context": null,
              "code": "cy.get('#signupName').type('Vlada');\ncy.get('#signupLastName').type('Test');\ncy.get('#signupEmail').type(`test${Date.now()}vs@mailinator.com`);\ncy.get('#signupPassword').focus();\ncy.get('#signupRepeatPassword').type('Test1234!');\ncy.contains('Password required').should('be.visible');\ncy.get('button[type=\"button\"]').should('be.disabled');",
              "err": {},
              "uuid": "2ad461e4-de5a-420c-9187-619aeb271a63",
              "parentUUID": "5a4d42d1-01ed-43a9-a6ed-8bebe2abf14c",
              "isHook": false,
              "skipped": false
            }
          ],
          "suites": [],
          "passes": [
            "f0604c59-e95d-4ec9-a222-422c73ffeed5",
            "08663742-6593-4251-93a0-d461a7cff980",
            "8f58bea0-5c36-4f15-8e10-7bae54a4aff6",
            "2ab7e0cf-ba06-4e56-833d-4e39f21a0215",
            "15b4e50d-361e-4838-b832-9d60778713af",
            "e24bf836-e946-4091-ad14-f0ba1dcc3347",
            "01671f85-2f7e-43d1-8bf8-6fdda0ee2780",
            "f43eac79-75a4-43b7-83d6-7d412bbfaafd",
            "bb94808b-50af-4adb-8177-5f81cf8f96ac",
            "d4536065-8688-4657-9bc7-58efe0143078",
            "0913cc3f-3d56-40e6-bc42-a12dbd3eab9e",
            "4eb61d3a-1fc8-4814-90e1-011fba4c0ef1",
            "2c1cd538-0199-4a73-9504-8589eb9400d0",
            "25ddf4d0-9a65-41f2-b1b1-21ae3004cfe8",
            "60d365ca-a290-4484-815d-66a4ad81b448",
            "4e2d9f06-3b4a-43c6-ad5a-905af9e2725a",
            "be06111e-f86f-460e-bb6d-44fba484e6ec",
            "a5f440db-4450-4067-b6de-68869255896e",
            "2ad461e4-de5a-420c-9187-619aeb271a63"
          ],
          "failures": [],
          "pending": [],
          "skipped": [],
          "duration": 43985,
          "root": false,
          "rootEmpty": false,
          "_timeout": 2000
        }
      ],
      "passes": [],
      "failures": [],
      "pending": [],
      "skipped": [],
      "duration": 0,
      "root": true,
      "rootEmpty": true,
      "_timeout": 2000
    }
  ],
  "meta": {
    "mocha": {
      "version": "7.0.1"
    },
    "mochawesome": {
      "options": {
        "quiet": false,
        "reportFilename": "mochawesome",
        "saveHtml": false,
        "saveJson": true,
        "consoleReporter": "spec",
        "useInlineDiffs": false,
        "code": true
      },
      "version": "7.1.3"
    },
    "marge": {
      "options": {
        "reportDir": "cypress/reports",
        "overwrite": false,
        "html": false,
        "json": true
      },
      "version": "6.2.0"
    }
  }
}