{
  "stats": {
    "suites": 1,
    "tests": 1,
    "passes": 0,
    "pending": 0,
    "failures": 1,
    "start": "2024-12-26T16:37:22.704Z",
    "end": "2024-12-26T16:37:27.550Z",
    "duration": 4846,
    "testsRegistered": 1,
    "passPercent": 0,
    "pendingPercent": 0,
    "other": 0,
    "hasOther": false,
    "skipped": 0,
    "hasSkipped": false
  },
  "results": [
    {
      "uuid": "a168e863-b583-4d63-8cef-3eaabf575b36",
      "title": "",
      "fullFile": "cypress/e2e/1-getting-started/Lesson_20.cy.js",
      "file": "cypress/e2e/1-getting-started/Lesson_20.cy.js",
      "beforeHooks": [],
      "afterHooks": [],
      "tests": [],
      "suites": [
        {
          "uuid": "7307e24d-d7e8-4bc7-bf92-dbbdcc77ea04",
          "title": "Garage and Expenses Tests",
          "fullFile": "",
          "file": "",
          "beforeHooks": [],
          "afterHooks": [],
          "tests": [
            {
              "title": "should add BMW X5 and add fuel expense",
              "fullTitle": "Garage and Expenses Tests should add BMW X5 and add fuel expense",
              "timedOut": null,
              "duration": 4774,
              "state": "failed",
              "speed": null,
              "pass": false,
              "fail": true,
              "pending": false,
              "context": null,
              "code": "// Добавление автомобиля\n_GaragePage.default.navigateToAddCar();\n_GaragePage.default.addCar('BMW', 'X5', '100');\ncy.contains('BMW X5').should('be.visible');\ncy.contains('Add fuel expense').click();\n// Заполнение формы расходов с литрами и стоимостью\n_ExpensesPage.default.addExpense('', '', '100', '50');\n// Добавляем проверки, что поля правильно заполняются\ncy.get('#addExpenseLiters').should('have.value', '50'); // Проверяем, что литры заполнены\ncy.get('#addExpenseTotalCost').should('have.value', '100'); // Проверяем, что стоимость заполнена\n// Кликаем по кнопке \"Add\" и проверяем успешность\ncy.contains('Add').click();\n// Проверяем, что расход с литрами и стоимостью отображается на странице\ncy.contains('50').should('be.visible'); // Литры\ncy.contains('100').should('be.visible'); // Стоимость",
              "err": {
                "message": "CypressError: `cy.type()` can only accept a string or number. You passed in: `undefined`\n\nhttps://on.cypress.io/type",
                "estack": "CypressError: `cy.type()` can only accept a string or number. You passed in: `undefined`\n\nhttps://on.cypress.io/type\n    at type (https://qauto.forstudy.space/__cypress/runner/cypress_runner.js:115252:68)\n    at originalFn (https://qauto.forstudy.space/__cypress/runner/cypress_runner.js:111895:30)\n    at overridden.fn (https://qauto.forstudy.space/__cypress/runner/cypress_runner.js:111900:21)\n    at wrapped (https://qauto.forstudy.space/__cypress/runner/cypress_runner.js:137964:19)\nFrom Your Spec Code:\n    at ExpensesPage.addExpense (webpack:///./cypress/pages/ExpensesPage.js:10:36)\n    at Context.eval (webpack:///./cypress/e2e/1-getting-started/Lesson_20.cy.js:28:17)",
                "diff": null
              },
              "uuid": "a0af8ba2-a870-4d45-9a46-6d7cfdeeb57e",
              "parentUUID": "7307e24d-d7e8-4bc7-bf92-dbbdcc77ea04",
              "isHook": false,
              "skipped": false
            }
          ],
          "suites": [],
          "passes": [],
          "failures": [
            "a0af8ba2-a870-4d45-9a46-6d7cfdeeb57e"
          ],
          "pending": [],
          "skipped": [],
          "duration": 4774,
          "root": false,
          "rootEmpty": false,
          "_timeout": 2000
        }
      ],
      "passes": [],
      "failures": [],
      "pending": [],
      "skipped": [],
      "duration": 0,
      "root": true,
      "rootEmpty": true,
      "_timeout": 2000
    }
  ],
  "meta": {
    "mocha": {
      "version": "7.0.1"
    },
    "mochawesome": {
      "options": {
        "quiet": false,
        "reportFilename": "mochawesome",
        "saveHtml": false,
        "saveJson": true,
        "consoleReporter": "spec",
        "useInlineDiffs": false,
        "code": true
      },
      "version": "7.1.3"
    },
    "marge": {
      "options": {
        "reportDir": "cypress/reports",
        "overwrite": false,
        "html": false,
        "json": true
      },
      "version": "6.2.0"
    }
  }
}