{
  "stats": {
    "suites": 1,
    "tests": 1,
    "passes": 0,
    "pending": 0,
    "failures": 1,
    "start": "2024-12-26T14:35:00.554Z",
    "end": "2024-12-26T14:35:08.865Z",
    "duration": 8311,
    "testsRegistered": 1,
    "passPercent": 0,
    "pendingPercent": 0,
    "other": 0,
    "hasOther": false,
    "skipped": 0,
    "hasSkipped": false
  },
  "results": [
    {
      "uuid": "d9bfcec5-317f-4bab-9050-16ee341864f6",
      "title": "",
      "fullFile": "cypress/e2e/1-getting-started/Lesson_20.cy.js",
      "file": "cypress/e2e/1-getting-started/Lesson_20.cy.js",
      "beforeHooks": [],
      "afterHooks": [],
      "tests": [],
      "suites": [
        {
          "uuid": "9fe483b0-2399-47d3-a244-5d2339bc4fd2",
          "title": "Garage and Expenses Tests",
          "fullFile": "",
          "file": "",
          "beforeHooks": [],
          "afterHooks": [],
          "tests": [
            {
              "title": "should add BMW X5 and add fuel expense",
              "fullTitle": "Garage and Expenses Tests should add BMW X5 and add fuel expense",
              "timedOut": null,
              "duration": 8260,
              "state": "failed",
              "speed": null,
              "pass": false,
              "fail": true,
              "pending": false,
              "context": null,
              "code": "_GaragePage.default.navigateToAddCar();\n_GaragePage.default.addCar('BMW', 'X5', '100');\ncy.contains('BMW X5').should('be.visible');\ncy.contains('Add fuel expense').click();\n_ExpensesPage.default.addExpense('BMW X5', '2024-12-26', '150', '100', '50');\ncy.contains('150').should('be.visible');\ncy.contains('50').should('be.visible');\ncy.contains('100').should('be.visible');",
              "err": {
                "message": "AssertionError: Timed out retrying after 4000ms: Expected to find content: 'BMW X5' but never did.",
                "estack": "AssertionError: Timed out retrying after 4000ms: Expected to find content: 'BMW X5' but never did.\n    at Context.eval (webpack:///./cypress/e2e/1-getting-started/Lesson_20.cy.js:24:26)",
                "diff": null
              },
              "uuid": "17d596f9-9734-4f44-a64b-09cb9044af00",
              "parentUUID": "9fe483b0-2399-47d3-a244-5d2339bc4fd2",
              "isHook": false,
              "skipped": false
            }
          ],
          "suites": [],
          "passes": [],
          "failures": [
            "17d596f9-9734-4f44-a64b-09cb9044af00"
          ],
          "pending": [],
          "skipped": [],
          "duration": 8260,
          "root": false,
          "rootEmpty": false,
          "_timeout": 2000
        }
      ],
      "passes": [],
      "failures": [],
      "pending": [],
      "skipped": [],
      "duration": 0,
      "root": true,
      "rootEmpty": true,
      "_timeout": 2000
    }
  ],
  "meta": {
    "mocha": {
      "version": "7.0.1"
    },
    "mochawesome": {
      "options": {
        "quiet": false,
        "reportFilename": "mochawesome",
        "saveHtml": false,
        "saveJson": true,
        "consoleReporter": "spec",
        "useInlineDiffs": false,
        "code": true
      },
      "version": "7.1.3"
    },
    "marge": {
      "options": {
        "reportDir": "cypress/reports",
        "overwrite": false,
        "html": false,
        "json": true
      },
      "version": "6.2.0"
    }
  }
}