{
  "stats": {
    "suites": 1,
    "tests": 3,
    "passes": 3,
    "pending": 0,
    "failures": 0,
    "start": "2024-12-23T13:43:09.659Z",
    "end": "2024-12-23T13:43:14.089Z",
    "duration": 4430,
    "testsRegistered": 3,
    "passPercent": 100,
    "pendingPercent": 0,
    "other": 0,
    "hasOther": false,
    "skipped": 0,
    "hasSkipped": false
  },
  "results": [
    {
      "uuid": "8425c398-9ddd-4dd2-8aea-d7e699fcf41f",
      "title": "",
      "fullFile": "cypress/e2e/1-getting-started/Lesson_18.cy.js",
      "file": "cypress/e2e/1-getting-started/Lesson_18.cy.js",
      "beforeHooks": [],
      "afterHooks": [],
      "tests": [],
      "suites": [
        {
          "uuid": "041c46c9-1289-4067-a968-b0257da15580",
          "title": "example to-do app",
          "fullFile": "",
          "file": "",
          "beforeHooks": [],
          "afterHooks": [],
          "tests": [
            {
              "title": "find all header buttons",
              "fullTitle": "example to-do app find all header buttons",
              "timedOut": null,
              "duration": 1196,
              "state": "passed",
              "speed": "fast",
              "pass": true,
              "fail": false,
              "pending": false,
              "context": null,
              "code": "cy.get('header button[class*=\"header\"], header a[class*=\"header\"]').each((button, index) => {\n  cy.wrap(button).invoke('text').then(text => {\n    cy.log(`Button ${index + 1}: ${text}`);\n  });\n}).then(buttons => {\n  cy.log(`All buttons found: ${buttons.length}`);\n});",
              "err": {},
              "uuid": "aec1a18d-1c0b-446b-99e8-16b77f7eddd0",
              "parentUUID": "041c46c9-1289-4067-a968-b0257da15580",
              "isHook": false,
              "skipped": false
            },
            {
              "title": "find header-link buttons inside container",
              "fullTitle": "example to-do app find header-link buttons inside container",
              "timedOut": null,
              "duration": 1208,
              "state": "passed",
              "speed": "fast",
              "pass": true,
              "fail": false,
              "pending": false,
              "context": null,
              "code": "cy.get('.container').find('.header-link').each((button, index) => {\n  cy.wrap(button).invoke('text').then(text => {\n    cy.log(`Button ${index + 1}: ${text}`);\n  });\n}).then(buttons => {\n  cy.log(`All buttons found: ${buttons.length}`);\n});",
              "err": {},
              "uuid": "bb274234-3ddc-4cea-9b8b-4ce303dacf8e",
              "parentUUID": "041c46c9-1289-4067-a968-b0257da15580",
              "isHook": false,
              "skipped": false
            },
            {
              "title": "find ans check all footer link",
              "fullTitle": "example to-do app find ans check all footer link",
              "timedOut": null,
              "duration": 481,
              "state": "passed",
              "speed": "fast",
              "pass": true,
              "fail": false,
              "pending": false,
              "context": null,
              "code": "cy.get('[class*=\"socials_link\"], [class*=\"contacts_link\"]').each((element, index) => {\n  cy.wrap(element).then($link => {\n    const href = $link.attr('href');\n    cy.log(`Link ${index + 1}: ${href}`);\n    expect(href).to.not.be.empty;\n  });\n}).then(links => {\n  cy.log(`All links found: ${links.length}`);\n});",
              "err": {},
              "uuid": "527d3e92-84fc-4901-a914-89b286d99ced",
              "parentUUID": "041c46c9-1289-4067-a968-b0257da15580",
              "isHook": false,
              "skipped": false
            }
          ],
          "suites": [],
          "passes": [
            "aec1a18d-1c0b-446b-99e8-16b77f7eddd0",
            "bb274234-3ddc-4cea-9b8b-4ce303dacf8e",
            "527d3e92-84fc-4901-a914-89b286d99ced"
          ],
          "failures": [],
          "pending": [],
          "skipped": [],
          "duration": 2885,
          "root": false,
          "rootEmpty": false,
          "_timeout": 2000
        }
      ],
      "passes": [],
      "failures": [],
      "pending": [],
      "skipped": [],
      "duration": 0,
      "root": true,
      "rootEmpty": true,
      "_timeout": 2000
    }
  ],
  "meta": {
    "mocha": {
      "version": "7.0.1"
    },
    "mochawesome": {
      "options": {
        "quiet": false,
        "reportFilename": "mochawesome",
        "saveHtml": true,
        "saveJson": true,
        "consoleReporter": "spec",
        "useInlineDiffs": false,
        "code": true
      },
      "version": "7.1.3"
    },
    "marge": {
      "options": {
        "reportDir": "cypress/reports",
        "overwrite": false,
        "html": true,
        "json": true
      },
      "version": "6.2.0"
    }
  }
}