{
  "stats": {
    "suites": 1,
    "tests": 1,
    "passes": 0,
    "pending": 0,
    "failures": 1,
    "start": "2024-12-26T16:33:26.907Z",
    "end": "2024-12-26T16:33:35.597Z",
    "duration": 8690,
    "testsRegistered": 1,
    "passPercent": 0,
    "pendingPercent": 0,
    "other": 0,
    "hasOther": false,
    "skipped": 0,
    "hasSkipped": false
  },
  "results": [
    {
      "uuid": "36e25fcd-b93f-497f-bc5b-8fbc14fb3bf4",
      "title": "",
      "fullFile": "cypress/e2e/1-getting-started/Lesson_20.cy.js",
      "file": "cypress/e2e/1-getting-started/Lesson_20.cy.js",
      "beforeHooks": [],
      "afterHooks": [],
      "tests": [],
      "suites": [
        {
          "uuid": "1607c86c-2460-472b-9c8f-aaa4ce84c42b",
          "title": "Garage and Expenses Tests",
          "fullFile": "",
          "file": "",
          "beforeHooks": [],
          "afterHooks": [],
          "tests": [
            {
              "title": "should add BMW X5 and add fuel expense",
              "fullTitle": "Garage and Expenses Tests should add BMW X5 and add fuel expense",
              "timedOut": null,
              "duration": 8645,
              "state": "failed",
              "speed": null,
              "pass": false,
              "fail": true,
              "pending": false,
              "context": null,
              "code": "// Добавление автомобиля\n_GaragePage.default.navigateToAddCar();\n_GaragePage.default.addCar('BMW', 'X5', '100');\ncy.contains('BMW X5').should('be.visible');\ncy.contains('Add fuel expense').click();\n// Заполнение формы расходов с литрами и стоимостью\n_ExpensesPage.default.addExpense('BMW X5', '', '', '100', '50');\n// Добавляем проверки, что поля правильно заполняются\ncy.get('#addExpenseLiters').should('have.value', '50'); // Проверяем, что литры заполнены\ncy.get('#addExpenseTotalCost').should('have.value', '100'); // Проверяем, что стоимость заполнена\n// Кликаем по кнопке \"Add\" и проверяем успешность\ncy.contains('Add').click();\n// Проверяем, что расход с литрами и стоимостью отображается на странице\ncy.contains('50').should('be.visible'); // Литры\ncy.contains('100').should('be.visible'); // Стоимость",
              "err": {
                "message": "CypressError: Timed out retrying after 4000ms: `cy.select()` matched more than one `option` by value or text: `BMW X5`\n\nhttps://on.cypress.io/select",
                "estack": "CypressError: Timed out retrying after 4000ms: `cy.select()` matched more than one `option` by value or text: `BMW X5`\n\nhttps://on.cypress.io/select\n    at getOptions (https://qauto.forstudy.space/__cypress/runner/cypress_runner.js:114045:72)\n    at tryCatcher (https://qauto.forstudy.space/__cypress/runner/cypress_runner.js:1830:23)\n    at Promise.attempt.Promise.try (https://qauto.forstudy.space/__cypress/runner/cypress_runner.js:4338:29)\n    at retryOptions (https://qauto.forstudy.space/__cypress/runner/cypress_runner.js:114084:70)\n    at tryCatcher (https://qauto.forstudy.space/__cypress/runner/cypress_runner.js:1830:23)\n    at Promise.attempt.Promise.try (https://qauto.forstudy.space/__cypress/runner/cypress_runner.js:4338:29)\n    at whenStable (https://qauto.forstudy.space/__cypress/runner/cypress_runner.js:143616:68)\n    at <unknown> (https://qauto.forstudy.space/__cypress/runner/cypress_runner.js:143557:14)\n    at tryCatcher (https://qauto.forstudy.space/__cypress/runner/cypress_runner.js:1830:23)\n    at Promise._settlePromiseFromHandler (https://qauto.forstudy.space/__cypress/runner/cypress_runner.js:1542:31)\n    at Promise._settlePromise (https://qauto.forstudy.space/__cypress/runner/cypress_runner.js:1599:18)\n    at Promise._settlePromise0 (https://qauto.forstudy.space/__cypress/runner/cypress_runner.js:1644:10)\n    at Promise._settlePromises (https://qauto.forstudy.space/__cypress/runner/cypress_runner.js:1724:18)\n    at Promise._fulfill (https://qauto.forstudy.space/__cypress/runner/cypress_runner.js:1668:18)\n    at <unknown> (https://qauto.forstudy.space/__cypress/runner/cypress_runner.js:5473:46)\nFrom Your Spec Code:\n    at ExpensesPage.addExpense (webpack:///./cypress/pages/ExpensesPage.js:9:9)\n    at Context.eval (webpack:///./cypress/e2e/1-getting-started/Lesson_20.cy.js:28:17)",
                "diff": null
              },
              "uuid": "eab38731-be52-46fe-a244-089bdad586e7",
              "parentUUID": "1607c86c-2460-472b-9c8f-aaa4ce84c42b",
              "isHook": false,
              "skipped": false
            }
          ],
          "suites": [],
          "passes": [],
          "failures": [
            "eab38731-be52-46fe-a244-089bdad586e7"
          ],
          "pending": [],
          "skipped": [],
          "duration": 8645,
          "root": false,
          "rootEmpty": false,
          "_timeout": 2000
        }
      ],
      "passes": [],
      "failures": [],
      "pending": [],
      "skipped": [],
      "duration": 0,
      "root": true,
      "rootEmpty": true,
      "_timeout": 2000
    }
  ],
  "meta": {
    "mocha": {
      "version": "7.0.1"
    },
    "mochawesome": {
      "options": {
        "quiet": false,
        "reportFilename": "mochawesome",
        "saveHtml": false,
        "saveJson": true,
        "consoleReporter": "spec",
        "useInlineDiffs": false,
        "code": true
      },
      "version": "7.1.3"
    },
    "marge": {
      "options": {
        "reportDir": "cypress/reports",
        "overwrite": false,
        "html": false,
        "json": true
      },
      "version": "6.2.0"
    }
  }
}